\BOOKMARK [0][-]{chapter.1}{\376\377\0001\000\040\000T\000r\000o\000l\000l\000-\000K\000i\000l\000l\000e\000r\000s}{}% 1
\BOOKMARK [0][-]{chapter.2}{\376\377\0002\000\040\000H\000i\000e\000r\000a\000r\000c\000h\000i\000c\000a\000l\000\040\000I\000n\000d\000e\000x}{}% 2
\BOOKMARK [1][-]{section.2.1}{\376\377\0002\000.\0001\000\040\000C\000l\000a\000s\000s\000\040\000H\000i\000e\000r\000a\000r\000c\000h\000y}{chapter.2}% 3
\BOOKMARK [0][-]{chapter.3}{\376\377\0003\000\040\000C\000l\000a\000s\000s\000\040\000I\000n\000d\000e\000x}{}% 4
\BOOKMARK [1][-]{section.3.1}{\376\377\0003\000.\0001\000\040\000C\000l\000a\000s\000s\000\040\000L\000i\000s\000t}{chapter.3}% 5
\BOOKMARK [0][-]{chapter.4}{\376\377\0004\000\040\000F\000i\000l\000e\000\040\000I\000n\000d\000e\000x}{}% 6
\BOOKMARK [1][-]{section.4.1}{\376\377\0004\000.\0001\000\040\000F\000i\000l\000e\000\040\000L\000i\000s\000t}{chapter.4}% 7
\BOOKMARK [0][-]{chapter.5}{\376\377\0005\000\040\000C\000l\000a\000s\000s\000\040\000D\000o\000c\000u\000m\000e\000n\000t\000a\000t\000i\000o\000n}{}% 8
\BOOKMARK [1][-]{section.5.1}{\376\377\0005\000.\0001\000\040\000\137\000d\000a\000t\000a\000\040\000S\000t\000r\000u\000c\000t\000\040\000R\000e\000f\000e\000r\000e\000n\000c\000e}{chapter.5}% 9
\BOOKMARK [2][-]{subsection.5.1.1}{\376\377\0005\000.\0001\000.\0001\000\040\000M\000e\000m\000b\000e\000r\000\040\000D\000a\000t\000a\000\040\000D\000o\000c\000u\000m\000e\000n\000t\000a\000t\000i\000o\000n}{section.5.1}% 10
\BOOKMARK [3][-]{subsubsection.5.1.1.1}{\376\377\0005\000.\0001\000.\0001\000.\0001\000\040\000b\000u\000f\000f\000e\000r}{subsection.5.1.1}% 11
\BOOKMARK [3][-]{subsubsection.5.1.1.2}{\376\377\0005\000.\0001\000.\0001\000.\0002\000\040\000t\000y\000p\000e}{subsection.5.1.1}% 12
\BOOKMARK [1][-]{section.5.2}{\376\377\0005\000.\0002\000\040\000\137\000m\000s\000g\000\040\000S\000t\000r\000u\000c\000t\000\040\000R\000e\000f\000e\000r\000e\000n\000c\000e}{chapter.5}% 13
\BOOKMARK [2][-]{subsection.5.2.1}{\376\377\0005\000.\0002\000.\0001\000\040\000M\000e\000m\000b\000e\000r\000\040\000D\000a\000t\000a\000\040\000D\000o\000c\000u\000m\000e\000n\000t\000a\000t\000i\000o\000n}{section.5.2}% 14
\BOOKMARK [3][-]{subsubsection.5.2.1.1}{\376\377\0005\000.\0002\000.\0001\000.\0001\000\040\000b\000u\000f\000f\000e\000r}{subsection.5.2.1}% 15
\BOOKMARK [3][-]{subsubsection.5.2.1.2}{\376\377\0005\000.\0002\000.\0001\000.\0002\000\040\000i\000d}{subsection.5.2.1}% 16
\BOOKMARK [1][-]{section.5.3}{\376\377\0005\000.\0003\000\040\000\137\000n\000M\000a\000p\000\040\000S\000t\000r\000u\000c\000t\000\040\000R\000e\000f\000e\000r\000e\000n\000c\000e}{chapter.5}% 17
\BOOKMARK [2][-]{subsection.5.3.1}{\376\377\0005\000.\0003\000.\0001\000\040\000M\000e\000m\000b\000e\000r\000\040\000D\000a\000t\000a\000\040\000D\000o\000c\000u\000m\000e\000n\000t\000a\000t\000i\000o\000n}{section.5.3}% 18
\BOOKMARK [3][-]{subsubsection.5.3.1.1}{\376\377\0005\000.\0003\000.\0001\000.\0001\000\040\000l\000e\000n\000g\000t\000h}{subsection.5.3.1}% 19
\BOOKMARK [3][-]{subsubsection.5.3.1.2}{\376\377\0005\000.\0003\000.\0001\000.\0002\000\040\000m\000a\000x\000\137\000o\000b\000j\000e\000c\000t\000s}{subsection.5.3.1}% 20
\BOOKMARK [3][-]{subsubsection.5.3.1.3}{\376\377\0005\000.\0003\000.\0001\000.\0003\000\040\000n\000\137\000o\000b\000j\000e\000c\000t}{subsection.5.3.1}% 21
\BOOKMARK [3][-]{subsubsection.5.3.1.4}{\376\377\0005\000.\0003\000.\0001\000.\0004\000\040\000n\000a\000m\000e}{subsection.5.3.1}% 22
\BOOKMARK [3][-]{subsubsection.5.3.1.5}{\376\377\0005\000.\0003\000.\0001\000.\0005\000\040\000o\000b\000j\000e\000c\000t\000s}{subsection.5.3.1}% 23
\BOOKMARK [3][-]{subsubsection.5.3.1.6}{\376\377\0005\000.\0003\000.\0001\000.\0006\000\040\000t\000y\000p\000e}{subsection.5.3.1}% 24
\BOOKMARK [3][-]{subsubsection.5.3.1.7}{\376\377\0005\000.\0003\000.\0001\000.\0007\000\040\000w\000i\000d\000t\000h}{subsection.5.3.1}% 25
\BOOKMARK [1][-]{section.5.4}{\376\377\0005\000.\0004\000\040\000\137\000o\000b\000j\000e\000c\000t\000\040\000S\000t\000r\000u\000c\000t\000\040\000R\000e\000f\000e\000r\000e\000n\000c\000e}{chapter.5}% 26
\BOOKMARK [2][-]{subsection.5.4.1}{\376\377\0005\000.\0004\000.\0001\000\040\000M\000e\000m\000b\000e\000r\000\040\000D\000a\000t\000a\000\040\000D\000o\000c\000u\000m\000e\000n\000t\000a\000t\000i\000o\000n}{section.5.4}% 27
\BOOKMARK [3][-]{subsubsection.5.4.1.1}{\376\377\0005\000.\0004\000.\0001\000.\0001\000\040\000b}{subsection.5.4.1}% 28
\BOOKMARK [3][-]{subsubsection.5.4.1.2}{\376\377\0005\000.\0004\000.\0001\000.\0002\000\040\000g}{subsection.5.4.1}% 29
\BOOKMARK [3][-]{subsubsection.5.4.1.3}{\376\377\0005\000.\0004\000.\0001\000.\0003\000\040\000l\000e\000n\000g\000t\000h}{subsection.5.4.1}% 30
\BOOKMARK [3][-]{subsubsection.5.4.1.4}{\376\377\0005\000.\0004\000.\0001\000.\0004\000\040\000r}{subsection.5.4.1}% 31
\BOOKMARK [3][-]{subsubsection.5.4.1.5}{\376\377\0005\000.\0004\000.\0001\000.\0005\000\040\000r\000a\000d\000i\000u\000s}{subsection.5.4.1}% 32
\BOOKMARK [3][-]{subsubsection.5.4.1.6}{\376\377\0005\000.\0004\000.\0001\000.\0006\000\040\000t\000y\000p\000e}{subsection.5.4.1}% 33
\BOOKMARK [3][-]{subsubsection.5.4.1.7}{\376\377\0005\000.\0004\000.\0001\000.\0007\000\040\000w\000i\000d\000t\000h}{subsection.5.4.1}% 34
\BOOKMARK [3][-]{subsubsection.5.4.1.8}{\376\377\0005\000.\0004\000.\0001\000.\0008\000\040\000x}{subsection.5.4.1}% 35
\BOOKMARK [3][-]{subsubsection.5.4.1.9}{\376\377\0005\000.\0004\000.\0001\000.\0009\000\040\000y}{subsection.5.4.1}% 36
\BOOKMARK [1][-]{section.5.5}{\376\377\0005\000.\0005\000\040\000C\000C\000h\000a\000r\000a\000c\000t\000e\000r\000\040\000C\000l\000a\000s\000s\000\040\000R\000e\000f\000e\000r\000e\000n\000c\000e}{chapter.5}% 37
\BOOKMARK [2][-]{subsection.5.5.1}{\376\377\0005\000.\0005\000.\0001\000\040\000C\000o\000n\000s\000t\000r\000u\000c\000t\000o\000r\000\040\000\046\000\040\000D\000e\000s\000t\000r\000u\000c\000t\000o\000r\000\040\000D\000o\000c\000u\000m\000e\000n\000t\000a\000t\000i\000o\000n}{section.5.5}% 38
\BOOKMARK [3][-]{subsubsection.5.5.1.1}{\376\377\0005\000.\0005\000.\0001\000.\0001\000\040\000C\000C\000h\000a\000r\000a\000c\000t\000e\000r\000\050\000W\000e\000a\000p\000o\000n\000\040\000m\000y\000W\000e\000a\000p\000o\000n\000\051}{subsection.5.5.1}% 39
\BOOKMARK [3][-]{subsubsection.5.5.1.2}{\376\377\0005\000.\0005\000.\0001\000.\0002\000\040\000C\000C\000h\000a\000r\000a\000c\000t\000e\000r\000\050\000\051}{subsection.5.5.1}% 40
\BOOKMARK [2][-]{subsection.5.5.2}{\376\377\0005\000.\0005\000.\0002\000\040\000M\000e\000m\000b\000e\000r\000\040\000F\000u\000n\000c\000t\000i\000o\000n\000\040\000D\000o\000c\000u\000m\000e\000n\000t\000a\000t\000i\000o\000n}{section.5.5}% 41
\BOOKMARK [3][-]{subsubsection.5.5.2.1}{\376\377\0005\000.\0005\000.\0002\000.\0001\000\040\000c\000o\000l\000i\000s\000i\000o\000n\000\050\000\137\000o\000b\000j\000e\000c\000t\000\040\000o\000b\000j\000e\000c\000t\000s\000,\000\040\000i\000n\000t\000\040\000n\000\051}{subsection.5.5.2}% 42
\BOOKMARK [3][-]{subsubsection.5.5.2.2}{\376\377\0005\000.\0005\000.\0002\000.\0002\000\040\000d\000a\000m\000a\000g\000e\000\050\000i\000n\000t\000\040\000d\000m\000g\000\051}{subsection.5.5.2}% 43
\BOOKMARK [3][-]{subsubsection.5.5.2.3}{\376\377\0005\000.\0005\000.\0002\000.\0003\000\040\000d\000i\000e\000\050\000\051}{subsection.5.5.2}% 44
\BOOKMARK [3][-]{subsubsection.5.5.2.4}{\376\377\0005\000.\0005\000.\0002\000.\0004\000\040\000d\000r\000a\000w\000\050\000i\000n\000t\000\040\000x\000,\000\040\000i\000n\000t\000\040\000y\000\051}{subsection.5.5.2}% 45
\BOOKMARK [3][-]{subsubsection.5.5.2.5}{\376\377\0005\000.\0005\000.\0002\000.\0005\000\040\000g\000e\000t\000D\000e\000a\000d\000\050\000\051}{subsection.5.5.2}% 46
\BOOKMARK [3][-]{subsubsection.5.5.2.6}{\376\377\0005\000.\0005\000.\0002\000.\0006\000\040\000g\000e\000t\000D\000i\000r\000\050\000\051}{subsection.5.5.2}% 47
\BOOKMARK [3][-]{subsubsection.5.5.2.7}{\376\377\0005\000.\0005\000.\0002\000.\0007\000\040\000g\000e\000t\000I\000d\000\050\000\051}{subsection.5.5.2}% 48
\BOOKMARK [3][-]{subsubsection.5.5.2.8}{\376\377\0005\000.\0005\000.\0002\000.\0008\000\040\000g\000e\000t\000L\000i\000f\000e\000\050\000\051}{subsection.5.5.2}% 49
\BOOKMARK [3][-]{subsubsection.5.5.2.9}{\376\377\0005\000.\0005\000.\0002\000.\0009\000\040\000g\000e\000t\000P\000l\000a\000y\000e\000r\000\050\000\051}{subsection.5.5.2}% 50
\BOOKMARK [3][-]{subsubsection.5.5.2.10}{\376\377\0005\000.\0005\000.\0002\000.\0001\0000\000\040\000g\000e\000t\000P\000r\000o\000j\000e\000c\000t\000i\000l\000e\000s\000\050\000\051}{subsection.5.5.2}% 51
\BOOKMARK [3][-]{subsubsection.5.5.2.11}{\376\377\0005\000.\0005\000.\0002\000.\0001\0001\000\040\000g\000e\000t\000T\000e\000a\000m\000\050\000\051}{subsection.5.5.2}% 52
\BOOKMARK [3][-]{subsubsection.5.5.2.12}{\376\377\0005\000.\0005\000.\0002\000.\0001\0002\000\040\000g\000e\000t\000V\000e\000l\000o\000c\000i\000t\000y\000\050\000\051}{subsection.5.5.2}% 53
\BOOKMARK [3][-]{subsubsection.5.5.2.13}{\376\377\0005\000.\0005\000.\0002\000.\0001\0003\000\040\000g\000e\000t\000W\000e\000a\000p\000o\000n\000D\000m\000g\000\050\000\051}{subsection.5.5.2}% 54
\BOOKMARK [3][-]{subsubsection.5.5.2.14}{\376\377\0005\000.\0005\000.\0002\000.\0001\0004\000\040\000g\000e\000t\000X\000\050\000\051}{subsection.5.5.2}% 55
\BOOKMARK [3][-]{subsubsection.5.5.2.15}{\376\377\0005\000.\0005\000.\0002\000.\0001\0005\000\040\000g\000e\000t\000Y\000\050\000\051}{subsection.5.5.2}% 56
\BOOKMARK [3][-]{subsubsection.5.5.2.16}{\376\377\0005\000.\0005\000.\0002\000.\0001\0006\000\040\000m\000o\000v\000e\000\050\000\051}{subsection.5.5.2}% 57
\BOOKMARK [3][-]{subsubsection.5.5.2.17}{\376\377\0005\000.\0005\000.\0002\000.\0001\0007\000\040\000r\000e\000v\000i\000v\000e\000\050\000i\000n\000t\0001\0006\000\137\000t\000\040\000x\000,\000\040\000i\000n\000t\0001\0006\000\137\000t\000\040\000y\000\051}{subsection.5.5.2}% 58
\BOOKMARK [3][-]{subsubsection.5.5.2.18}{\376\377\0005\000.\0005\000.\0002\000.\0001\0008\000\040\000s\000e\000r\000i\000a\000l\000i\000z\000e\000\050\000c\000h\000a\000r\000\040\000b\000u\000f\000f\000e\000r\000\051}{subsection.5.5.2}% 59
\BOOKMARK [3][-]{subsubsection.5.5.2.19}{\376\377\0005\000.\0005\000.\0002\000.\0001\0009\000\040\000s\000e\000t\000D\000i\000r\000\050\000D\000i\000r\000e\000c\000t\000i\000o\000n\000\040\000d\000i\000r\000\051}{subsection.5.5.2}% 60
\BOOKMARK [3][-]{subsubsection.5.5.2.20}{\376\377\0005\000.\0005\000.\0002\000.\0002\0000\000\040\000s\000e\000t\000S\000p\000a\000w\000n\000X\000\050\000i\000n\000t\0001\0006\000\137\000t\000\040\000x\000\051}{subsection.5.5.2}% 61
\BOOKMARK [3][-]{subsubsection.5.5.2.21}{\376\377\0005\000.\0005\000.\0002\000.\0002\0001\000\040\000s\000e\000t\000S\000p\000a\000w\000n\000Y\000\050\000i\000n\000t\0001\0006\000\137\000t\000\040\000y\000\051}{subsection.5.5.2}% 62
\BOOKMARK [3][-]{subsubsection.5.5.2.22}{\376\377\0005\000.\0005\000.\0002\000.\0002\0002\000\040\000s\000e\000t\000T\000e\000a\000m\000\050\000T\000e\000a\000m\000\040\000t\000e\000a\000m\000\051}{subsection.5.5.2}% 63
\BOOKMARK [3][-]{subsubsection.5.5.2.23}{\376\377\0005\000.\0005\000.\0002\000.\0002\0003\000\040\000s\000e\000t\000W\000e\000a\000p\000o\000n\000A\000n\000g\000l\000e\000\050\000f\000l\000o\000a\000t\000\040\000a\000n\000g\000l\000e\000\051}{subsection.5.5.2}% 64
\BOOKMARK [3][-]{subsubsection.5.5.2.24}{\376\377\0005\000.\0005\000.\0002\000.\0002\0004\000\040\000s\000e\000t\000X\000\050\000i\000n\000t\0001\0006\000\137\000t\000\040\000x\000\051}{subsection.5.5.2}% 65
\BOOKMARK [3][-]{subsubsection.5.5.2.25}{\376\377\0005\000.\0005\000.\0002\000.\0002\0005\000\040\000s\000e\000t\000Y\000\050\000i\000n\000t\0001\0006\000\137\000t\000\040\000y\000\051}{subsection.5.5.2}% 66
\BOOKMARK [3][-]{subsubsection.5.5.2.26}{\376\377\0005\000.\0005\000.\0002\000.\0002\0006\000\040\000s\000h\000o\000o\000t\000\050\000A\000L\000L\000E\000G\000R\000O\000\137\000M\000O\000U\000S\000E\000\137\000S\000T\000A\000T\000E\000\040\000\046\000m\000o\000u\000s\000e\000S\000t\000a\000t\000e\000,\000\040\000C\000o\000n\000n\000e\000c\000t\000i\000o\000n\000\040\000c\000o\000n\000n\000\051}{subsection.5.5.2}% 67
\BOOKMARK [3][-]{subsubsection.5.5.2.27}{\376\377\0005\000.\0005\000.\0002\000.\0002\0007\000\040\000s\000o\000u\000n\000d\000\137\000s\000h\000o\000o\000t\000\050\000i\000n\000t\000\040\000x\000,\000\040\000i\000n\000t\000\040\000y\000\051}{subsection.5.5.2}% 68
\BOOKMARK [3][-]{subsubsection.5.5.2.28}{\376\377\0005\000.\0005\000.\0002\000.\0002\0008\000\040\000t\000r\000y\000T\000o\000R\000e\000v\000i\000v\000e\000\050\000\051}{subsection.5.5.2}% 69
\BOOKMARK [3][-]{subsubsection.5.5.2.29}{\376\377\0005\000.\0005\000.\0002\000.\0002\0009\000\040\000w\000e\000a\000p\000o\000n\000A\000n\000g\000l\000e\000\050\000i\000n\000t\000\040\000m\000a\000p\000X\000,\000\040\000i\000n\000t\000\040\000m\000a\000p\000Y\000,\000\040\000i\000n\000t\000\040\000m\000o\000u\000s\000e\000X\000,\000\040\000i\000n\000t\000\040\000m\000o\000u\000s\000e\000Y\000\051}{subsection.5.5.2}% 70
\BOOKMARK [1][-]{section.5.6}{\376\377\0005\000.\0006\000\040\000C\000l\000i\000e\000n\000t\000\040\000C\000l\000a\000s\000s\000\040\000R\000e\000f\000e\000r\000e\000n\000c\000e}{chapter.5}% 71
\BOOKMARK [2][-]{subsection.5.6.1}{\376\377\0005\000.\0006\000.\0001\000\040\000C\000o\000n\000s\000t\000r\000u\000c\000t\000o\000r\000\040\000\046\000\040\000D\000e\000s\000t\000r\000u\000c\000t\000o\000r\000\040\000D\000o\000c\000u\000m\000e\000n\000t\000a\000t\000i\000o\000n}{section.5.6}% 72
\BOOKMARK [3][-]{subsubsection.5.6.1.1}{\376\377\0005\000.\0006\000.\0001\000.\0001\000\040\000C\000l\000i\000e\000n\000t\000\050\000\051}{subsection.5.6.1}% 73
\BOOKMARK [3][-]{subsubsection.5.6.1.2}{\376\377\0005\000.\0006\000.\0001\000.\0002\000\040\000C\000l\000i\000e\000n\000t\000\050\000\051}{subsection.5.6.1}% 74
\BOOKMARK [2][-]{subsection.5.6.2}{\376\377\0005\000.\0006\000.\0002\000\040\000M\000e\000m\000b\000e\000r\000\040\000F\000u\000n\000c\000t\000i\000o\000n\000\040\000D\000o\000c\000u\000m\000e\000n\000t\000a\000t\000i\000o\000n}{section.5.6}% 75
\BOOKMARK [3][-]{subsubsection.5.6.2.1}{\376\377\0005\000.\0006\000.\0002\000.\0001\000\040\000c\000o\000n\000n\000e\000c\000t\000\050\000\051}{subsection.5.6.2}% 76
\BOOKMARK [3][-]{subsubsection.5.6.2.2}{\376\377\0005\000.\0006\000.\0002\000.\0002\000\040\000m\000a\000i\000n\000\137\000l\000o\000o\000p\000\050\000\051}{subsection.5.6.2}% 77
\BOOKMARK [3][-]{subsubsection.5.6.2.3}{\376\377\0005\000.\0006\000.\0002\000.\0003\000\040\000m\000e\000n\000u\000\050\000\051}{subsection.5.6.2}% 78
\BOOKMARK [3][-]{subsubsection.5.6.2.4}{\376\377\0005\000.\0006\000.\0002\000.\0004\000\040\000s\000e\000t\000W\000e\000a\000p\000o\000n\000\050\000W\000e\000a\000p\000o\000n\000\040\000m\000y\000W\000e\000a\000p\000o\000n\000\051}{subsection.5.6.2}% 79
\BOOKMARK [1][-]{section.5.7}{\376\377\0005\000.\0007\000\040\000C\000M\000a\000p\000\040\000C\000l\000a\000s\000s\000\040\000R\000e\000f\000e\000r\000e\000n\000c\000e}{chapter.5}% 80
\BOOKMARK [2][-]{subsection.5.7.1}{\376\377\0005\000.\0007\000.\0001\000\040\000C\000o\000n\000s\000t\000r\000u\000c\000t\000o\000r\000\040\000\046\000\040\000D\000e\000s\000t\000r\000u\000c\000t\000o\000r\000\040\000D\000o\000c\000u\000m\000e\000n\000t\000a\000t\000i\000o\000n}{section.5.7}% 81
\BOOKMARK [3][-]{subsubsection.5.7.1.1}{\376\377\0005\000.\0007\000.\0001\000.\0001\000\040\000C\000M\000a\000p\000\050\000s\000t\000d\000:\000:\000s\000t\000r\000i\000n\000g\000\040\000n\000a\000m\000e\000,\000\040\000i\000n\000t\000\040\000m\000a\000x\000\137\000o\000b\000j\000e\000c\000t\000s\000,\000\040\000i\000n\000t\000\040\000l\000e\000n\000g\000t\000h\000,\000\040\000i\000n\000t\000\040\000w\000i\000d\000t\000h\000\051}{subsection.5.7.1}% 82
\BOOKMARK [3][-]{subsubsection.5.7.1.2}{\376\377\0005\000.\0007\000.\0001\000.\0002\000\040\000C\000M\000a\000p\000\050\000\051}{subsection.5.7.1}% 83
\BOOKMARK [3][-]{subsubsection.5.7.1.3}{\376\377\0005\000.\0007\000.\0001\000.\0003\000\040\000C\000M\000a\000p\000\050\000\051}{subsection.5.7.1}% 84
\BOOKMARK [2][-]{subsection.5.7.2}{\376\377\0005\000.\0007\000.\0002\000\040\000M\000e\000m\000b\000e\000r\000\040\000F\000u\000n\000c\000t\000i\000o\000n\000\040\000D\000o\000c\000u\000m\000e\000n\000t\000a\000t\000i\000o\000n}{section.5.7}% 85
\BOOKMARK [3][-]{subsubsection.5.7.2.1}{\376\377\0005\000.\0007\000.\0002\000.\0001\000\040\000d\000e\000s\000t\000r\000o\000y\000\137\000o\000b\000j\000e\000c\000t\000\050\000i\000n\000t\000\040\000x\000,\000\040\000i\000n\000t\000\040\000y\000\051}{subsection.5.7.2}% 86
\BOOKMARK [3][-]{subsubsection.5.7.2.2}{\376\377\0005\000.\0007\000.\0002\000.\0002\000\040\000d\000r\000a\000w\000\137\000m\000a\000p\000\050\000i\000n\000t\000\040\000x\000,\000\040\000i\000n\000t\000\040\000y\000\051}{subsection.5.7.2}% 87
\BOOKMARK [3][-]{subsubsection.5.7.2.3}{\376\377\0005\000.\0007\000.\0002\000.\0003\000\040\000g\000e\000t\000N\000o\000b\000j\000e\000c\000t\000\050\000\051}{subsection.5.7.2}% 88
\BOOKMARK [3][-]{subsubsection.5.7.2.4}{\376\377\0005\000.\0007\000.\0002\000.\0004\000\040\000g\000e\000t\000O\000b\000j\000e\000c\000t\000s\000\050\000\051}{subsection.5.7.2}% 89
\BOOKMARK [3][-]{subsubsection.5.7.2.5}{\376\377\0005\000.\0007\000.\0002\000.\0005\000\040\000n\000e\000w\000\137\000o\000b\000j\000e\000c\000t\000\050\000\137\000o\000b\000j\000e\000c\000t\000\040\000o\000b\000j\000e\000c\000t\000\051}{subsection.5.7.2}% 90
\BOOKMARK [3][-]{subsubsection.5.7.2.6}{\376\377\0005\000.\0007\000.\0002\000.\0006\000\040\000s\000e\000t\000D\000r\000a\000w\000C\000i\000r\000c\000l\000e\000s\000\050\000b\000o\000o\000l\000\040\000d\000r\000a\000w\000C\000i\000r\000c\000l\000e\000s\000\051}{subsection.5.7.2}% 91
\BOOKMARK [1][-]{section.5.8}{\376\377\0005\000.\0008\000\040\000C\000o\000n\000f\000i\000g\000u\000r\000a\000t\000i\000o\000n\000\040\000C\000l\000a\000s\000s\000\040\000R\000e\000f\000e\000r\000e\000n\000c\000e}{chapter.5}% 92
\BOOKMARK [2][-]{subsection.5.8.1}{\376\377\0005\000.\0008\000.\0001\000\040\000C\000o\000n\000s\000t\000r\000u\000c\000t\000o\000r\000\040\000\046\000\040\000D\000e\000s\000t\000r\000u\000c\000t\000o\000r\000\040\000D\000o\000c\000u\000m\000e\000n\000t\000a\000t\000i\000o\000n}{section.5.8}% 93
\BOOKMARK [3][-]{subsubsection.5.8.1.1}{\376\377\0005\000.\0008\000.\0001\000.\0001\000\040\000C\000o\000n\000f\000i\000g\000u\000r\000a\000t\000i\000o\000n\000\050\000\051}{subsection.5.8.1}% 94
\BOOKMARK [3][-]{subsubsection.5.8.1.2}{\376\377\0005\000.\0008\000.\0001\000.\0002\000\040\000C\000o\000n\000f\000i\000g\000u\000r\000a\000t\000i\000o\000n\000\050\000\051}{subsection.5.8.1}% 95
\BOOKMARK [2][-]{subsection.5.8.2}{\376\377\0005\000.\0008\000.\0002\000\040\000M\000e\000m\000b\000e\000r\000\040\000F\000u\000n\000c\000t\000i\000o\000n\000\040\000D\000o\000c\000u\000m\000e\000n\000t\000a\000t\000i\000o\000n}{section.5.8}% 96
\BOOKMARK [3][-]{subsubsection.5.8.2.1}{\376\377\0005\000.\0008\000.\0002\000.\0001\000\040\000c\000o\000n\000f\000i\000g\000\137\000c\000r\000e\000a\000t\000e\000\050\000c\000o\000n\000s\000t\000\040\000c\000h\000a\000r\000\040\000\051}{subsection.5.8.2}% 97
\BOOKMARK [3][-]{subsubsection.5.8.2.2}{\376\377\0005\000.\0008\000.\0002\000.\0002\000\040\000c\000o\000n\000f\000i\000g\000\137\000f\000o\000u\000n\000d\000\050\000c\000o\000n\000s\000t\000\040\000c\000h\000a\000r\000\040\000\051}{subsection.5.8.2}% 98
\BOOKMARK [3][-]{subsubsection.5.8.2.3}{\376\377\0005\000.\0008\000.\0002\000.\0003\000\040\000c\000o\000n\000f\000i\000g\000\137\000g\000e\000t\000\050\000c\000h\000a\000r\000\040\000,\000\040\000c\000o\000n\000s\000t\000\040\000c\000h\000a\000r\000\040\000\051}{subsection.5.8.2}% 99
\BOOKMARK [3][-]{subsubsection.5.8.2.4}{\376\377\0005\000.\0008\000.\0002\000.\0004\000\040\000c\000o\000n\000f\000i\000g\000\137\000i\000n\000s\000e\000r\000t\000\050\000c\000o\000n\000s\000t\000\040\000c\000h\000a\000r\000\040\000,\000\040\000c\000o\000n\000s\000t\000\040\000c\000h\000a\000r\000\040\000\051}{subsection.5.8.2}% 100
\BOOKMARK [3][-]{subsubsection.5.8.2.5}{\376\377\0005\000.\0008\000.\0002\000.\0005\000\040\000c\000o\000n\000f\000i\000g\000\137\000l\000o\000a\000d\000\050\000c\000o\000n\000s\000t\000\040\000c\000h\000a\000r\000\040\000\051}{subsection.5.8.2}% 101
\BOOKMARK [3][-]{subsubsection.5.8.2.6}{\376\377\0005\000.\0008\000.\0002\000.\0006\000\040\000c\000o\000n\000f\000i\000g\000\137\000r\000e\000m\000o\000v\000e\000\050\000c\000o\000n\000s\000t\000\040\000c\000h\000a\000r\000\040\000\051}{subsection.5.8.2}% 102
\BOOKMARK [3][-]{subsubsection.5.8.2.7}{\376\377\0005\000.\0008\000.\0002\000.\0007\000\040\000c\000o\000n\000f\000i\000g\000\137\000s\000a\000v\000e\000\050\000\051}{subsection.5.8.2}% 103
\BOOKMARK [1][-]{section.5.9}{\376\377\0005\000.\0009\000\040\000C\000o\000n\000n\000e\000c\000t\000i\000o\000n\000\040\000C\000l\000a\000s\000s\000\040\000R\000e\000f\000e\000r\000e\000n\000c\000e}{chapter.5}% 104
\BOOKMARK [2][-]{subsection.5.9.1}{\376\377\0005\000.\0009\000.\0001\000\040\000C\000o\000n\000s\000t\000r\000u\000c\000t\000o\000r\000\040\000\046\000\040\000D\000e\000s\000t\000r\000u\000c\000t\000o\000r\000\040\000D\000o\000c\000u\000m\000e\000n\000t\000a\000t\000i\000o\000n}{section.5.9}% 105
\BOOKMARK [3][-]{subsubsection.5.9.1.1}{\376\377\0005\000.\0009\000.\0001\000.\0001\000\040\000C\000o\000n\000n\000e\000c\000t\000i\000o\000n\000\050\000\051}{subsection.5.9.1}% 106
\BOOKMARK [3][-]{subsubsection.5.9.1.2}{\376\377\0005\000.\0009\000.\0001\000.\0002\000\040\000C\000o\000n\000n\000e\000c\000t\000i\000o\000n\000\050\000\051}{subsection.5.9.1}% 107
\BOOKMARK [2][-]{subsection.5.9.2}{\376\377\0005\000.\0009\000.\0002\000\040\000M\000e\000m\000b\000e\000r\000\040\000F\000u\000n\000c\000t\000i\000o\000n\000\040\000D\000o\000c\000u\000m\000e\000n\000t\000a\000t\000i\000o\000n}{section.5.9}% 108
\BOOKMARK [3][-]{subsubsection.5.9.2.1}{\376\377\0005\000.\0009\000.\0002\000.\0001\000\040\000b\000r\000o\000a\000d\000c\000a\000s\000t\000\137\000p\000a\000c\000k\000e\000t\000\050\000v\000o\000i\000d\000\040\000d\000a\000t\000a\000,\000\040\000i\000n\000t\000\040\000s\000i\000z\000e\000\051}{subsection.5.9.2}% 109
\BOOKMARK [3][-]{subsubsection.5.9.2.2}{\376\377\0005\000.\0009\000.\0002\000.\0002\000\040\000c\000r\000e\000a\000t\000e\000\137\000c\000l\000i\000e\000n\000t\000\050\000s\000t\000d\000:\000:\000s\000t\000r\000i\000n\000g\000\040\000i\000p\000,\000\040\000i\000n\000t\000\040\000p\000o\000r\000t\000\051}{subsection.5.9.2}% 110
\BOOKMARK [3][-]{subsubsection.5.9.2.3}{\376\377\0005\000.\0009\000.\0002\000.\0003\000\040\000c\000r\000e\000a\000t\000e\000\137\000s\000e\000r\000v\000e\000r\000\050\000i\000n\000t\000\040\000p\000o\000r\000t\000,\000\040\000i\000n\000t\000\040\000n\000u\000m\000\137\000p\000e\000e\000r\000s\000\051}{subsection.5.9.2}% 111
\BOOKMARK [3][-]{subsubsection.5.9.2.4}{\376\377\0005\000.\0009\000.\0002\000.\0004\000\040\000e\000v\000e\000n\000t\000\137\000s\000e\000r\000v\000i\000c\000e\000\050\000i\000n\000t\000\040\000t\000i\000m\000e\000r\000\051}{subsection.5.9.2}% 112
\BOOKMARK [3][-]{subsubsection.5.9.2.5}{\376\377\0005\000.\0009\000.\0002\000.\0005\000\040\000e\000v\000e\000n\000t\000\137\000t\000y\000p\000e\000\137\000c\000o\000n\000n\000e\000c\000t\000\050\000\051}{subsection.5.9.2}% 113
\BOOKMARK [3][-]{subsubsection.5.9.2.6}{\376\377\0005\000.\0009\000.\0002\000.\0006\000\040\000e\000v\000e\000n\000t\000\137\000t\000y\000p\000e\000\137\000d\000i\000s\000c\000o\000n\000n\000e\000c\000t\000\050\000\051}{subsection.5.9.2}% 114
\BOOKMARK [3][-]{subsubsection.5.9.2.7}{\376\377\0005\000.\0009\000.\0002\000.\0007\000\040\000e\000v\000e\000n\000t\000\137\000t\000y\000p\000e\000\137\000r\000e\000c\000e\000i\000v\000e\000\050\000\051}{subsection.5.9.2}% 115
\BOOKMARK [3][-]{subsubsection.5.9.2.8}{\376\377\0005\000.\0009\000.\0002\000.\0008\000\040\000g\000e\000t\000L\000a\000s\000t\000C\000o\000n\000n\000e\000c\000t\000i\000o\000n\000\050\000\051}{subsection.5.9.2}% 116
\BOOKMARK [3][-]{subsubsection.5.9.2.9}{\376\377\0005\000.\0009\000.\0002\000.\0009\000\040\000g\000e\000t\000P\000a\000c\000k\000e\000t\000D\000a\000t\000a\000\050\000\051}{subsection.5.9.2}% 117
\BOOKMARK [3][-]{subsubsection.5.9.2.10}{\376\377\0005\000.\0009\000.\0002\000.\0001\0000\000\040\000g\000e\000t\000P\000a\000c\000k\000e\000t\000L\000e\000n\000g\000t\000h\000\050\000\051}{subsection.5.9.2}% 118
\BOOKMARK [3][-]{subsubsection.5.9.2.11}{\376\377\0005\000.\0009\000.\0002\000.\0001\0001\000\040\000g\000e\000t\000P\000e\000e\000r\000I\000d\000\050\000\051}{subsection.5.9.2}% 119
\BOOKMARK [3][-]{subsubsection.5.9.2.12}{\376\377\0005\000.\0009\000.\0002\000.\0001\0002\000\040\000s\000e\000n\000d\000\137\000f\000l\000u\000s\000h\000\050\000\051}{subsection.5.9.2}% 120
\BOOKMARK [3][-]{subsubsection.5.9.2.13}{\376\377\0005\000.\0009\000.\0002\000.\0001\0003\000\040\000s\000e\000n\000d\000\137\000p\000a\000c\000k\000e\000t\000\137\000r\000e\000l\000i\000a\000b\000l\000e\000\050\000v\000o\000i\000d\000\040\000d\000a\000t\000a\000,\000\040\000i\000n\000t\000\040\000s\000i\000z\000e\000,\000\040\000i\000n\000t\000\040\000I\000D\000\051}{subsection.5.9.2}% 121
\BOOKMARK [3][-]{subsubsection.5.9.2.14}{\376\377\0005\000.\0009\000.\0002\000.\0001\0004\000\040\000s\000e\000n\000d\000\137\000p\000a\000c\000k\000e\000t\000\137\000u\000n\000r\000e\000l\000i\000a\000b\000l\000e\000\050\000v\000o\000i\000d\000\040\000d\000a\000t\000a\000,\000\040\000i\000n\000t\000\040\000s\000i\000z\000e\000,\000\040\000i\000n\000t\000\040\000I\000D\000\051}{subsection.5.9.2}% 122
\BOOKMARK [1][-]{section.5.10}{\376\377\0005\000.\0001\0000\000\040\000C\000P\000r\000o\000j\000e\000c\000t\000i\000l\000e\000\040\000C\000l\000a\000s\000s\000\040\000R\000e\000f\000e\000r\000e\000n\000c\000e}{chapter.5}% 123
\BOOKMARK [2][-]{subsection.5.10.1}{\376\377\0005\000.\0001\0000\000.\0001\000\040\000C\000o\000n\000s\000t\000r\000u\000c\000t\000o\000r\000\040\000\046\000\040\000D\000e\000s\000t\000r\000u\000c\000t\000o\000r\000\040\000D\000o\000c\000u\000m\000e\000n\000t\000a\000t\000i\000o\000n}{section.5.10}% 124
\BOOKMARK [3][-]{subsubsection.5.10.1.1}{\376\377\0005\000.\0001\0000\000.\0001\000.\0001\000\040\000C\000P\000r\000o\000j\000e\000c\000t\000i\000l\000e\000\050\000i\000n\000t\0001\0006\000\137\000t\000\040\000x\000,\000\040\000i\000n\000t\0001\0006\000\137\000t\000\040\000y\000,\000\040\000i\000n\000t\0001\0006\000\137\000t\000\040\000l\000e\000n\000g\000t\000h\000,\000\040\000i\000n\000t\0001\0006\000\137\000t\000\040\000v\000e\000l\000o\000c\000i\000t\000y\000,\000\040\000f\000l\000o\000a\000t\000\040\000a\000n\000g\000l\000e\000\051}{subsection.5.10.1}% 125
\BOOKMARK [2][-]{subsection.5.10.2}{\376\377\0005\000.\0001\0000\000.\0002\000\040\000M\000e\000m\000b\000e\000r\000\040\000F\000u\000n\000c\000t\000i\000o\000n\000\040\000D\000o\000c\000u\000m\000e\000n\000t\000a\000t\000i\000o\000n}{section.5.10}% 126
\BOOKMARK [3][-]{subsubsection.5.10.2.1}{\376\377\0005\000.\0001\0000\000.\0002\000.\0001\000\040\000d\000r\000a\000w\000\050\000i\000n\000t\000\040\000m\000a\000p\000X\000,\000\040\000i\000n\000t\000\040\000m\000a\000p\000Y\000\051}{subsection.5.10.2}% 127
\BOOKMARK [1][-]{section.5.11}{\376\377\0005\000.\0001\0001\000\040\000C\000u\000r\000s\000o\000r\000\040\000C\000l\000a\000s\000s\000\040\000R\000e\000f\000e\000r\000e\000n\000c\000e}{chapter.5}% 128
\BOOKMARK [2][-]{subsection.5.11.1}{\376\377\0005\000.\0001\0001\000.\0001\000\040\000C\000o\000n\000s\000t\000r\000u\000c\000t\000o\000r\000\040\000\046\000\040\000D\000e\000s\000t\000r\000u\000c\000t\000o\000r\000\040\000D\000o\000c\000u\000m\000e\000n\000t\000a\000t\000i\000o\000n}{section.5.11}% 129
\BOOKMARK [3][-]{subsubsection.5.11.1.1}{\376\377\0005\000.\0001\0001\000.\0001\000.\0001\000\040\000C\000u\000r\000s\000o\000r\000\050\000i\000n\000t\000\040\000x\000,\000\040\000i\000n\000t\000\040\000y\000,\000\040\000i\000n\000t\000\040\000r\000e\000s\000X\000,\000\040\000i\000n\000t\000\040\000r\000e\000s\000Y\000,\000\040\000i\000n\000t\000\040\000t\000i\000m\000e\000r\000\051}{subsection.5.11.1}% 130
\BOOKMARK [2][-]{subsection.5.11.2}{\376\377\0005\000.\0001\0001\000.\0002\000\040\000M\000e\000m\000b\000e\000r\000\040\000F\000u\000n\000c\000t\000i\000o\000n\000\040\000D\000o\000c\000u\000m\000e\000n\000t\000a\000t\000i\000o\000n}{section.5.11}% 131
\BOOKMARK [3][-]{subsubsection.5.11.2.1}{\376\377\0005\000.\0001\0001\000.\0002\000.\0001\000\040\000c\000h\000a\000n\000g\000e\000\137\000c\000u\000r\000s\000o\000r\000\050\000i\000n\000t\000\040\000i\000\051}{subsection.5.11.2}% 132
\BOOKMARK [3][-]{subsubsection.5.11.2.2}{\376\377\0005\000.\0001\0001\000.\0002\000.\0002\000\040\000c\000h\000a\000n\000g\000e\000\137\000t\000e\000a\000m\000\050\000\051}{subsection.5.11.2}% 133
\BOOKMARK [3][-]{subsubsection.5.11.2.3}{\376\377\0005\000.\0001\0001\000.\0002\000.\0003\000\040\000d\000r\000a\000w\000\137\000c\000u\000r\000s\000o\000r\000\050\000\051}{subsection.5.11.2}% 134
\BOOKMARK [3][-]{subsubsection.5.11.2.4}{\376\377\0005\000.\0001\0001\000.\0002\000.\0004\000\040\000g\000e\000t\000O\000b\000j\000e\000c\000t\000\050\000i\000n\000t\000\040\000m\000a\000p\000X\000,\000\040\000i\000n\000t\000\040\000m\000a\000p\000Y\000\051}{subsection.5.11.2}% 135
\BOOKMARK [3][-]{subsubsection.5.11.2.5}{\376\377\0005\000.\0001\0001\000.\0002\000.\0005\000\040\000g\000e\000t\000X\000\050\000\051}{subsection.5.11.2}% 136
\BOOKMARK [3][-]{subsubsection.5.11.2.6}{\376\377\0005\000.\0001\0001\000.\0002\000.\0006\000\040\000g\000e\000t\000Y\000\050\000\051}{subsection.5.11.2}% 137
\BOOKMARK [3][-]{subsubsection.5.11.2.7}{\376\377\0005\000.\0001\0001\000.\0002\000.\0007\000\040\000i\000n\000c\000r\000e\000a\000s\000e\000\137\000o\000b\000j\000e\000c\000t\000\050\000D\000i\000r\000e\000c\000t\000i\000o\000n\000\040\000i\000n\000c\000D\000i\000r\000\051}{subsection.5.11.2}% 138
\BOOKMARK [3][-]{subsubsection.5.11.2.8}{\376\377\0005\000.\0001\0001\000.\0002\000.\0008\000\040\000m\000o\000v\000e\000\137\000c\000u\000r\000s\000o\000r\000\050\000A\000L\000L\000E\000G\000R\000O\000\137\000K\000E\000Y\000B\000O\000A\000R\000D\000\137\000S\000T\000A\000T\000E\000\040\000k\000e\000y\000S\000t\000a\000t\000e\000\051}{subsection.5.11.2}% 139
\BOOKMARK [3][-]{subsubsection.5.11.2.9}{\376\377\0005\000.\0001\0001\000.\0002\000.\0009\000\040\000o\000b\000j\000e\000c\000t\000\137\000s\000e\000l\000e\000c\000t\000e\000d\000\050\000\051}{subsection.5.11.2}% 140
\BOOKMARK [3][-]{subsubsection.5.11.2.10}{\376\377\0005\000.\0001\0001\000.\0002\000.\0001\0000\000\040\000s\000e\000t\000X\000\050\000i\000n\000t\000\040\000x\000\051}{subsection.5.11.2}% 141
\BOOKMARK [3][-]{subsubsection.5.11.2.11}{\376\377\0005\000.\0001\0001\000.\0002\000.\0001\0001\000\040\000s\000e\000t\000Y\000\050\000i\000n\000t\000\040\000y\000\051}{subsection.5.11.2}% 142
\BOOKMARK [1][-]{section.5.12}{\376\377\0005\000.\0001\0002\000\040\000I\000G\000O\000b\000j\000e\000c\000t\000\040\000C\000l\000a\000s\000s\000\040\000R\000e\000f\000e\000r\000e\000n\000c\000e}{chapter.5}% 143
\BOOKMARK [2][-]{subsection.5.12.1}{\376\377\0005\000.\0001\0002\000.\0001\000\040\000C\000o\000n\000s\000t\000r\000u\000c\000t\000o\000r\000\040\000\046\000\040\000D\000e\000s\000t\000r\000u\000c\000t\000o\000r\000\040\000D\000o\000c\000u\000m\000e\000n\000t\000a\000t\000i\000o\000n}{section.5.12}% 144
\BOOKMARK [3][-]{subsubsection.5.12.1.1}{\376\377\0005\000.\0001\0002\000.\0001\000.\0001\000\040\000I\000G\000O\000b\000j\000e\000c\000t\000\050\000\051}{subsection.5.12.1}% 145
\BOOKMARK [2][-]{subsection.5.12.2}{\376\377\0005\000.\0001\0002\000.\0002\000\040\000M\000e\000m\000b\000e\000r\000\040\000F\000u\000n\000c\000t\000i\000o\000n\000\040\000D\000o\000c\000u\000m\000e\000n\000t\000a\000t\000i\000o\000n}{section.5.12}% 146
\BOOKMARK [3][-]{subsubsection.5.12.2.1}{\376\377\0005\000.\0001\0002\000.\0002\000.\0001\000\040\000g\000e\000t\000I\000d\000\050\000\051\000=\0000}{subsection.5.12.2}% 147
\BOOKMARK [3][-]{subsubsection.5.12.2.2}{\376\377\0005\000.\0001\0002\000.\0002\000.\0002\000\040\000g\000e\000t\000V\000e\000l\000o\000c\000i\000t\000y\000\050\000\051\000=\0000}{subsection.5.12.2}% 148
\BOOKMARK [3][-]{subsubsection.5.12.2.3}{\376\377\0005\000.\0001\0002\000.\0002\000.\0003\000\040\000g\000e\000t\000X\000\050\000\051\000=\0000}{subsection.5.12.2}% 149
\BOOKMARK [3][-]{subsubsection.5.12.2.4}{\376\377\0005\000.\0001\0002\000.\0002\000.\0004\000\040\000g\000e\000t\000Y\000\050\000\051\000=\0000}{subsection.5.12.2}% 150
\BOOKMARK [3][-]{subsubsection.5.12.2.5}{\376\377\0005\000.\0001\0002\000.\0002\000.\0005\000\040\000s\000e\000r\000i\000a\000l\000i\000z\000e\000\050\000c\000h\000a\000r\000\040\000b\000u\000f\000f\000e\000r\000\051\000=\0000}{subsection.5.12.2}% 151
\BOOKMARK [3][-]{subsubsection.5.12.2.6}{\376\377\0005\000.\0001\0002\000.\0002\000.\0006\000\040\000s\000e\000t\000X\000\050\000i\000n\000t\0001\0006\000\137\000t\000\040\000x\000\051\000=\0000}{subsection.5.12.2}% 152
\BOOKMARK [3][-]{subsubsection.5.12.2.7}{\376\377\0005\000.\0001\0002\000.\0002\000.\0007\000\040\000s\000e\000t\000Y\000\050\000i\000n\000t\0001\0006\000\137\000t\000\040\000y\000\051\000=\0000}{subsection.5.12.2}% 153
\BOOKMARK [1][-]{section.5.13}{\376\377\0005\000.\0001\0003\000\040\000I\000M\000e\000n\000u\000\040\000C\000l\000a\000s\000s\000\040\000R\000e\000f\000e\000r\000e\000n\000c\000e}{chapter.5}% 154
\BOOKMARK [2][-]{subsection.5.13.1}{\376\377\0005\000.\0001\0003\000.\0001\000\040\000C\000o\000n\000s\000t\000r\000u\000c\000t\000o\000r\000\040\000\046\000\040\000D\000e\000s\000t\000r\000u\000c\000t\000o\000r\000\040\000D\000o\000c\000u\000m\000e\000n\000t\000a\000t\000i\000o\000n}{section.5.13}% 155
\BOOKMARK [3][-]{subsubsection.5.13.1.1}{\376\377\0005\000.\0001\0003\000.\0001\000.\0001\000\040\000I\000M\000e\000n\000u\000\050\000\051}{subsection.5.13.1}% 156
\BOOKMARK [2][-]{subsection.5.13.2}{\376\377\0005\000.\0001\0003\000.\0002\000\040\000M\000e\000m\000b\000e\000r\000\040\000F\000u\000n\000c\000t\000i\000o\000n\000\040\000D\000o\000c\000u\000m\000e\000n\000t\000a\000t\000i\000o\000n}{section.5.13}% 157
\BOOKMARK [3][-]{subsubsection.5.13.2.1}{\376\377\0005\000.\0001\0003\000.\0002\000.\0001\000\040\000b\000o\000t\000a\000o\000\050\000A\000L\000L\000E\000G\000R\000O\000\137\000M\000O\000U\000S\000E\000\137\000S\000T\000A\000T\000E\000\040\000m\000o\000u\000s\000e\000S\000t\000a\000t\000e\000\051\000=\0000}{subsection.5.13.2}% 158
\BOOKMARK [3][-]{subsubsection.5.13.2.2}{\376\377\0005\000.\0001\0003\000.\0002\000.\0002\000\040\000b\000o\000t\000a\000o\000\137\000a\000c\000t\000i\000o\000n\000\050\000\051\000=\0000}{subsection.5.13.2}% 159
\BOOKMARK [3][-]{subsubsection.5.13.2.3}{\376\377\0005\000.\0001\0003\000.\0002\000.\0003\000\040\000p\000r\000i\000n\000t\000\137\000m\000e\000n\000u\000\050\000\051\000=\0000}{subsection.5.13.2}% 160
\BOOKMARK [1][-]{section.5.14}{\376\377\0005\000.\0001\0004\000\040\000M\000a\000p\000\040\000C\000l\000a\000s\000s\000\040\000R\000e\000f\000e\000r\000e\000n\000c\000e}{chapter.5}% 161
\BOOKMARK [2][-]{subsection.5.14.1}{\376\377\0005\000.\0001\0004\000.\0001\000\040\000C\000o\000n\000s\000t\000r\000u\000c\000t\000o\000r\000\040\000\046\000\040\000D\000e\000s\000t\000r\000u\000c\000t\000o\000r\000\040\000D\000o\000c\000u\000m\000e\000n\000t\000a\000t\000i\000o\000n}{section.5.14}% 162
\BOOKMARK [3][-]{subsubsection.5.14.1.1}{\376\377\0005\000.\0001\0004\000.\0001\000.\0001\000\040\000M\000a\000p\000\050\000\051}{subsection.5.14.1}% 163
\BOOKMARK [3][-]{subsubsection.5.14.1.2}{\376\377\0005\000.\0001\0004\000.\0001\000.\0002\000\040\000M\000a\000p\000\050\000\051}{subsection.5.14.1}% 164
\BOOKMARK [2][-]{subsection.5.14.2}{\376\377\0005\000.\0001\0004\000.\0002\000\040\000M\000e\000m\000b\000e\000r\000\040\000F\000u\000n\000c\000t\000i\000o\000n\000\040\000D\000o\000c\000u\000m\000e\000n\000t\000a\000t\000i\000o\000n}{section.5.14}% 165
\BOOKMARK [3][-]{subsubsection.5.14.2.1}{\376\377\0005\000.\0001\0004\000.\0002\000.\0001\000\040\000d\000e\000s\000e\000r\000i\000a\000l\000i\000z\000e\000\050\000c\000h\000a\000r\000\040\000b\000u\000f\000f\000e\000r\000\051}{subsection.5.14.2}% 166
\BOOKMARK [3][-]{subsubsection.5.14.2.2}{\376\377\0005\000.\0001\0004\000.\0002\000.\0002\000\040\000g\000e\000t\000O\000b\000j\000e\000c\000t\000s\000\050\000\051}{subsection.5.14.2}% 167
\BOOKMARK [3][-]{subsubsection.5.14.2.3}{\376\377\0005\000.\0001\0004\000.\0002\000.\0003\000\040\000l\000o\000a\000d\000\137\000m\000a\000p\000\050\000s\000t\000d\000:\000:\000s\000t\000r\000i\000n\000g\000\040\000p\000a\000t\000h\000n\000a\000m\000e\000\051}{subsection.5.14.2}% 168
\BOOKMARK [3][-]{subsubsection.5.14.2.4}{\376\377\0005\000.\0001\0004\000.\0002\000.\0004\000\040\000s\000a\000v\000e\000\137\000m\000a\000p\000\050\000s\000t\000d\000:\000:\000s\000t\000r\000i\000n\000g\000\040\000p\000a\000t\000h\000n\000a\000m\000e\000\051}{subsection.5.14.2}% 169
\BOOKMARK [3][-]{subsubsection.5.14.2.5}{\376\377\0005\000.\0001\0004\000.\0002\000.\0005\000\040\000s\000e\000r\000i\000a\000l\000i\000z\000e\000\050\000c\000h\000a\000r\000\040\000b\000u\000f\000f\000e\000r\000\051}{subsection.5.14.2}% 170
\BOOKMARK [2][-]{subsection.5.14.3}{\376\377\0005\000.\0001\0004\000.\0003\000\040\000M\000e\000m\000b\000e\000r\000\040\000D\000a\000t\000a\000\040\000D\000o\000c\000u\000m\000e\000n\000t\000a\000t\000i\000o\000n}{section.5.14}% 171
\BOOKMARK [3][-]{subsubsection.5.14.3.1}{\376\377\0005\000.\0001\0004\000.\0003\000.\0001\000\040\000l\000e\000n\000g\000t\000h}{subsection.5.14.3}% 172
\BOOKMARK [3][-]{subsubsection.5.14.3.2}{\376\377\0005\000.\0001\0004\000.\0003\000.\0002\000\040\000m\000a\000x\000\137\000o\000b\000j\000e\000c\000t\000s}{subsection.5.14.3}% 173
\BOOKMARK [3][-]{subsubsection.5.14.3.3}{\376\377\0005\000.\0001\0004\000.\0003\000.\0003\000\040\000n\000\137\000o\000b\000j\000e\000c\000t}{subsection.5.14.3}% 174
\BOOKMARK [3][-]{subsubsection.5.14.3.4}{\376\377\0005\000.\0001\0004\000.\0003\000.\0004\000\040\000n\000a\000m\000e}{subsection.5.14.3}% 175
\BOOKMARK [3][-]{subsubsection.5.14.3.5}{\376\377\0005\000.\0001\0004\000.\0003\000.\0005\000\040\000o\000b\000j\000e\000c\000t\000s}{subsection.5.14.3}% 176
\BOOKMARK [3][-]{subsubsection.5.14.3.6}{\376\377\0005\000.\0001\0004\000.\0003\000.\0006\000\040\000t\000y\000p\000e}{subsection.5.14.3}% 177
\BOOKMARK [3][-]{subsubsection.5.14.3.7}{\376\377\0005\000.\0001\0004\000.\0003\000.\0007\000\040\000w\000i\000d\000t\000h}{subsection.5.14.3}% 178
\BOOKMARK [1][-]{section.5.15}{\376\377\0005\000.\0001\0005\000\040\000M\000a\000p\000E\000d\000i\000t\000o\000r\000\040\000C\000l\000a\000s\000s\000\040\000R\000e\000f\000e\000r\000e\000n\000c\000e}{chapter.5}% 179
\BOOKMARK [2][-]{subsection.5.15.1}{\376\377\0005\000.\0001\0005\000.\0001\000\040\000C\000o\000n\000s\000t\000r\000u\000c\000t\000o\000r\000\040\000\046\000\040\000D\000e\000s\000t\000r\000u\000c\000t\000o\000r\000\040\000D\000o\000c\000u\000m\000e\000n\000t\000a\000t\000i\000o\000n}{section.5.15}% 180
\BOOKMARK [3][-]{subsubsection.5.15.1.1}{\376\377\0005\000.\0001\0005\000.\0001\000.\0001\000\040\000M\000a\000p\000E\000d\000i\000t\000o\000r\000\050\000\051}{subsection.5.15.1}% 181
\BOOKMARK [3][-]{subsubsection.5.15.1.2}{\376\377\0005\000.\0001\0005\000.\0001\000.\0002\000\040\000M\000a\000p\000E\000d\000i\000t\000o\000r\000\050\000\051}{subsection.5.15.1}% 182
\BOOKMARK [2][-]{subsection.5.15.2}{\376\377\0005\000.\0001\0005\000.\0002\000\040\000M\000e\000m\000b\000e\000r\000\040\000F\000u\000n\000c\000t\000i\000o\000n\000\040\000D\000o\000c\000u\000m\000e\000n\000t\000a\000t\000i\000o\000n}{section.5.15}% 183
\BOOKMARK [3][-]{subsubsection.5.15.2.1}{\376\377\0005\000.\0001\0005\000.\0002\000.\0001\000\040\000d\000r\000a\000w\000\137\000g\000r\000i\000d\000\050\000\051}{subsection.5.15.2}% 184
\BOOKMARK [3][-]{subsubsection.5.15.2.2}{\376\377\0005\000.\0001\0005\000.\0002\000.\0002\000\040\000m\000a\000i\000n\000\137\000l\000o\000o\000p\000\050\000\051}{subsection.5.15.2}% 185
\BOOKMARK [1][-]{section.5.16}{\376\377\0005\000.\0001\0006\000\040\000M\000e\000n\000u\000A\000r\000m\000a\000s\000\040\000C\000l\000a\000s\000s\000\040\000R\000e\000f\000e\000r\000e\000n\000c\000e}{chapter.5}% 186
\BOOKMARK [2][-]{subsection.5.16.1}{\376\377\0005\000.\0001\0006\000.\0001\000\040\000C\000o\000n\000s\000t\000r\000u\000c\000t\000o\000r\000\040\000\046\000\040\000D\000e\000s\000t\000r\000u\000c\000t\000o\000r\000\040\000D\000o\000c\000u\000m\000e\000n\000t\000a\000t\000i\000o\000n}{section.5.16}% 187
\BOOKMARK [3][-]{subsubsection.5.16.1.1}{\376\377\0005\000.\0001\0006\000.\0001\000.\0001\000\040\000M\000e\000n\000u\000A\000r\000m\000a\000s\000\050\000i\000n\000t\000\040\000r\000e\000s\000\137\000x\000,\000\040\000i\000n\000t\000\040\000r\000e\000s\000\137\000y\000\051}{subsection.5.16.1}% 188
\BOOKMARK [3][-]{subsubsection.5.16.1.2}{\376\377\0005\000.\0001\0006\000.\0001\000.\0002\000\040\000M\000e\000n\000u\000A\000r\000m\000a\000s\000\050\000\051}{subsection.5.16.1}% 189
\BOOKMARK [2][-]{subsection.5.16.2}{\376\377\0005\000.\0001\0006\000.\0002\000\040\000M\000e\000m\000b\000e\000r\000\040\000F\000u\000n\000c\000t\000i\000o\000n\000\040\000D\000o\000c\000u\000m\000e\000n\000t\000a\000t\000i\000o\000n}{section.5.16}% 190
\BOOKMARK [3][-]{subsubsection.5.16.2.1}{\376\377\0005\000.\0001\0006\000.\0002\000.\0001\000\040\000b\000o\000t\000a\000o\000\050\000A\000L\000L\000E\000G\000R\000O\000\137\000M\000O\000U\000S\000E\000\137\000S\000T\000A\000T\000E\000\040\000m\000o\000u\000s\000e\000S\000t\000a\000t\000e\000\051}{subsection.5.16.2}% 191
\BOOKMARK [3][-]{subsubsection.5.16.2.2}{\376\377\0005\000.\0001\0006\000.\0002\000.\0002\000\040\000b\000o\000t\000a\000o\000\137\000a\000c\000t\000i\000o\000n\000\050\000\051}{subsection.5.16.2}% 192
\BOOKMARK [3][-]{subsubsection.5.16.2.3}{\376\377\0005\000.\0001\0006\000.\0002\000.\0003\000\040\000p\000r\000i\000n\000t\000\137\000m\000e\000n\000u\000\050\000\051}{subsection.5.16.2}% 193
\BOOKMARK [1][-]{section.5.17}{\376\377\0005\000.\0001\0007\000\040\000M\000e\000n\000u\000M\000a\000n\000a\000g\000e\000r\000\040\000C\000l\000a\000s\000s\000\040\000R\000e\000f\000e\000r\000e\000n\000c\000e}{chapter.5}% 194
\BOOKMARK [2][-]{subsection.5.17.1}{\376\377\0005\000.\0001\0007\000.\0001\000\040\000C\000o\000n\000s\000t\000r\000u\000c\000t\000o\000r\000\040\000\046\000\040\000D\000e\000s\000t\000r\000u\000c\000t\000o\000r\000\040\000D\000o\000c\000u\000m\000e\000n\000t\000a\000t\000i\000o\000n}{section.5.17}% 195
\BOOKMARK [3][-]{subsubsection.5.17.1.1}{\376\377\0005\000.\0001\0007\000.\0001\000.\0001\000\040\000M\000e\000n\000u\000M\000a\000n\000a\000g\000e\000r\000\050\000i\000n\000t\000\040\000r\000e\000s\000\137\000x\000,\000\040\000i\000n\000t\000\040\000r\000e\000s\000\137\000y\000\051}{subsection.5.17.1}% 196
\BOOKMARK [2][-]{subsection.5.17.2}{\376\377\0005\000.\0001\0007\000.\0002\000\040\000M\000e\000m\000b\000e\000r\000\040\000F\000u\000n\000c\000t\000i\000o\000n\000\040\000D\000o\000c\000u\000m\000e\000n\000t\000a\000t\000i\000o\000n}{section.5.17}% 197
\BOOKMARK [3][-]{subsubsection.5.17.2.1}{\376\377\0005\000.\0001\0007\000.\0002\000.\0001\000\040\000m\000a\000i\000n\000\137\000l\000o\000o\000p\000\050\000A\000L\000L\000E\000G\000R\000O\000\137\000T\000I\000M\000E\000R\000\040\000t\000i\000m\000e\000r\000,\000\040\000A\000L\000L\000E\000G\000R\000O\000\137\000E\000V\000E\000N\000T\000\137\000Q\000U\000E\000U\000E\000\040\000e\000v\000e\000n\000t\000\137\000q\000u\000e\000u\000e\000,\000\040\000C\000l\000i\000e\000n\000t\000\040\000m\000y\000D\000a\000d\000\051}{subsection.5.17.2}% 198
\BOOKMARK [1][-]{section.5.18}{\376\377\0005\000.\0001\0008\000\040\000M\000e\000n\000u\000P\000r\000i\000n\000c\000\040\000C\000l\000a\000s\000s\000\040\000R\000e\000f\000e\000r\000e\000n\000c\000e}{chapter.5}% 199
\BOOKMARK [2][-]{subsection.5.18.1}{\376\377\0005\000.\0001\0008\000.\0001\000\040\000C\000o\000n\000s\000t\000r\000u\000c\000t\000o\000r\000\040\000\046\000\040\000D\000e\000s\000t\000r\000u\000c\000t\000o\000r\000\040\000D\000o\000c\000u\000m\000e\000n\000t\000a\000t\000i\000o\000n}{section.5.18}% 200
\BOOKMARK [3][-]{subsubsection.5.18.1.1}{\376\377\0005\000.\0001\0008\000.\0001\000.\0001\000\040\000M\000e\000n\000u\000P\000r\000i\000n\000c\000\050\000i\000n\000t\000\040\000r\000e\000s\000\137\000x\000,\000\040\000i\000n\000t\000\040\000r\000e\000s\000\137\000y\000\051}{subsection.5.18.1}% 201
\BOOKMARK [3][-]{subsubsection.5.18.1.2}{\376\377\0005\000.\0001\0008\000.\0001\000.\0002\000\040\000M\000e\000n\000u\000P\000r\000i\000n\000c\000\050\000\051}{subsection.5.18.1}% 202
\BOOKMARK [2][-]{subsection.5.18.2}{\376\377\0005\000.\0001\0008\000.\0002\000\040\000M\000e\000m\000b\000e\000r\000\040\000F\000u\000n\000c\000t\000i\000o\000n\000\040\000D\000o\000c\000u\000m\000e\000n\000t\000a\000t\000i\000o\000n}{section.5.18}% 203
\BOOKMARK [3][-]{subsubsection.5.18.2.1}{\376\377\0005\000.\0001\0008\000.\0002\000.\0001\000\040\000b\000o\000t\000a\000o\000\050\000A\000L\000L\000E\000G\000R\000O\000\137\000M\000O\000U\000S\000E\000\137\000S\000T\000A\000T\000E\000\040\000m\000o\000u\000s\000e\000S\000t\000a\000t\000e\000\051}{subsection.5.18.2}% 204
\BOOKMARK [3][-]{subsubsection.5.18.2.2}{\376\377\0005\000.\0001\0008\000.\0002\000.\0002\000\040\000b\000o\000t\000a\000o\000\137\000a\000c\000t\000i\000o\000n\000\050\000\051}{subsection.5.18.2}% 205
\BOOKMARK [3][-]{subsubsection.5.18.2.3}{\376\377\0005\000.\0001\0008\000.\0002\000.\0003\000\040\000p\000r\000i\000n\000t\000\137\000m\000e\000n\000u\000\050\000\051}{subsection.5.18.2}% 206
\BOOKMARK [1][-]{section.5.19}{\376\377\0005\000.\0001\0009\000\040\000P\000i\000s\000t\000o\000l\000\040\000C\000l\000a\000s\000s\000\040\000R\000e\000f\000e\000r\000e\000n\000c\000e}{chapter.5}% 207
\BOOKMARK [2][-]{subsection.5.19.1}{\376\377\0005\000.\0001\0009\000.\0001\000\040\000C\000o\000n\000s\000t\000r\000u\000c\000t\000o\000r\000\040\000\046\000\040\000D\000e\000s\000t\000r\000u\000c\000t\000o\000r\000\040\000D\000o\000c\000u\000m\000e\000n\000t\000a\000t\000i\000o\000n}{section.5.19}% 208
\BOOKMARK [3][-]{subsubsection.5.19.1.1}{\376\377\0005\000.\0001\0009\000.\0001\000.\0001\000\040\000P\000i\000s\000t\000o\000l\000\050\000\051}{subsection.5.19.1}% 209
\BOOKMARK [2][-]{subsection.5.19.2}{\376\377\0005\000.\0001\0009\000.\0002\000\040\000M\000e\000m\000b\000e\000r\000\040\000F\000u\000n\000c\000t\000i\000o\000n\000\040\000D\000o\000c\000u\000m\000e\000n\000t\000a\000t\000i\000o\000n}{section.5.19}% 210
\BOOKMARK [3][-]{subsubsection.5.19.2.1}{\376\377\0005\000.\0001\0009\000.\0002\000.\0001\000\040\000s\000h\000o\000o\000t\000\050\000A\000L\000L\000E\000G\000R\000O\000\137\000M\000O\000U\000S\000E\000\137\000S\000T\000A\000T\000E\000\040\000\046\000m\000o\000u\000s\000e\000S\000t\000a\000t\000e\000,\000\040\000C\000o\000n\000n\000e\000c\000t\000i\000o\000n\000\040\000c\000o\000n\000n\000\051}{subsection.5.19.2}% 211
\BOOKMARK [1][-]{section.5.20}{\376\377\0005\000.\0002\0000\000\040\000P\000r\000o\000j\000e\000c\000t\000i\000l\000e\000\040\000C\000l\000a\000s\000s\000\040\000R\000e\000f\000e\000r\000e\000n\000c\000e}{chapter.5}% 212
\BOOKMARK [2][-]{subsection.5.20.1}{\376\377\0005\000.\0002\0000\000.\0001\000\040\000C\000o\000n\000s\000t\000r\000u\000c\000t\000o\000r\000\040\000\046\000\040\000D\000e\000s\000t\000r\000u\000c\000t\000o\000r\000\040\000D\000o\000c\000u\000m\000e\000n\000t\000a\000t\000i\000o\000n}{section.5.20}% 213
\BOOKMARK [3][-]{subsubsection.5.20.1.1}{\376\377\0005\000.\0002\0000\000.\0001\000.\0001\000\040\000P\000r\000o\000j\000e\000c\000t\000i\000l\000e\000\050\000i\000n\000t\0001\0006\000\137\000t\000\040\000x\000,\000\040\000i\000n\000t\0001\0006\000\137\000t\000\040\000y\000,\000\040\000i\000n\000t\0001\0006\000\137\000t\000\040\000l\000e\000n\000g\000t\000h\000,\000\040\000i\000n\000t\0001\0006\000\137\000t\000\040\000v\000e\000l\000o\000c\000i\000t\000y\000,\000\040\000f\000l\000o\000a\000t\000\040\000a\000n\000g\000l\000e\000\051}{subsection.5.20.1}% 214
\BOOKMARK [3][-]{subsubsection.5.20.1.2}{\376\377\0005\000.\0002\0000\000.\0001\000.\0002\000\040\000P\000r\000o\000j\000e\000c\000t\000i\000l\000e\000\050\000\051}{subsection.5.20.1}% 215
\BOOKMARK [2][-]{subsection.5.20.2}{\376\377\0005\000.\0002\0000\000.\0002\000\040\000M\000e\000m\000b\000e\000r\000\040\000F\000u\000n\000c\000t\000i\000o\000n\000\040\000D\000o\000c\000u\000m\000e\000n\000t\000a\000t\000i\000o\000n}{section.5.20}% 216
\BOOKMARK [3][-]{subsubsection.5.20.2.1}{\376\377\0005\000.\0002\0000\000.\0002\000.\0001\000\040\000c\000o\000l\000l\000i\000d\000e\000\050\000P\000r\000o\000j\000e\000c\000t\000i\000l\000e\000\040\000p\000r\000o\000j\000e\000c\000t\000i\000l\000e\000,\000\040\000\137\000o\000b\000j\000e\000c\000t\000\040\000\046\000o\000b\000j\000e\000c\000t\000\051}{subsection.5.20.2}% 217
\BOOKMARK [3][-]{subsubsection.5.20.2.2}{\376\377\0005\000.\0002\0000\000.\0002\000.\0002\000\040\000g\000e\000t\000A\000n\000g\000l\000e\000\050\000\051}{subsection.5.20.2}% 218
\BOOKMARK [3][-]{subsubsection.5.20.2.3}{\376\377\0005\000.\0002\0000\000.\0002\000.\0003\000\040\000g\000e\000t\000I\000d\000\050\000\051}{subsection.5.20.2}% 219
\BOOKMARK [3][-]{subsubsection.5.20.2.4}{\376\377\0005\000.\0002\0000\000.\0002\000.\0004\000\040\000g\000e\000t\000L\000e\000n\000g\000t\000h\000\050\000\051}{subsection.5.20.2}% 220
\BOOKMARK [3][-]{subsubsection.5.20.2.5}{\376\377\0005\000.\0002\0000\000.\0002\000.\0005\000\040\000g\000e\000t\000V\000e\000l\000o\000c\000i\000t\000y\000\050\000\051}{subsection.5.20.2}% 221
\BOOKMARK [3][-]{subsubsection.5.20.2.6}{\376\377\0005\000.\0002\0000\000.\0002\000.\0006\000\040\000g\000e\000t\000X\000\050\000\051}{subsection.5.20.2}% 222
\BOOKMARK [3][-]{subsubsection.5.20.2.7}{\376\377\0005\000.\0002\0000\000.\0002\000.\0007\000\040\000g\000e\000t\000Y\000\050\000\051}{subsection.5.20.2}% 223
\BOOKMARK [3][-]{subsubsection.5.20.2.8}{\376\377\0005\000.\0002\0000\000.\0002\000.\0008\000\040\000m\000o\000v\000e\000\050\000\051}{subsection.5.20.2}% 224
\BOOKMARK [3][-]{subsubsection.5.20.2.9}{\376\377\0005\000.\0002\0000\000.\0002\000.\0009\000\040\000s\000e\000r\000i\000a\000l\000i\000z\000e\000\050\000c\000h\000a\000r\000\040\000b\000u\000f\000f\000e\000r\000\051}{subsection.5.20.2}% 225
\BOOKMARK [3][-]{subsubsection.5.20.2.10}{\376\377\0005\000.\0002\0000\000.\0002\000.\0001\0000\000\040\000s\000e\000t\000A\000n\000g\000l\000e\000\050\000f\000l\000o\000a\000t\000\040\000a\000n\000g\000l\000e\000\051}{subsection.5.20.2}% 226
\BOOKMARK [3][-]{subsubsection.5.20.2.11}{\376\377\0005\000.\0002\0000\000.\0002\000.\0001\0001\000\040\000s\000e\000t\000X\000\050\000i\000n\000t\0001\0006\000\137\000t\000\040\000x\000\051}{subsection.5.20.2}% 227
\BOOKMARK [3][-]{subsubsection.5.20.2.12}{\376\377\0005\000.\0002\0000\000.\0002\000.\0001\0002\000\040\000s\000e\000t\000Y\000\050\000i\000n\000t\0001\0006\000\137\000t\000\040\000y\000\051}{subsection.5.20.2}% 228
\BOOKMARK [2][-]{subsection.5.20.3}{\376\377\0005\000.\0002\0000\000.\0003\000\040\000M\000e\000m\000b\000e\000r\000\040\000D\000a\000t\000a\000\040\000D\000o\000c\000u\000m\000e\000n\000t\000a\000t\000i\000o\000n}{section.5.20}% 229
\BOOKMARK [3][-]{subsubsection.5.20.3.1}{\376\377\0005\000.\0002\0000\000.\0003\000.\0001\000\040\000a\000n\000g\000l\000e}{subsection.5.20.3}% 230
\BOOKMARK [3][-]{subsubsection.5.20.3.2}{\376\377\0005\000.\0002\0000\000.\0003\000.\0002\000\040\000i\000d}{subsection.5.20.3}% 231
\BOOKMARK [3][-]{subsubsection.5.20.3.3}{\376\377\0005\000.\0002\0000\000.\0003\000.\0003\000\040\000l\000e\000n\000g\000t\000h}{subsection.5.20.3}% 232
\BOOKMARK [3][-]{subsubsection.5.20.3.4}{\376\377\0005\000.\0002\0000\000.\0003\000.\0004\000\040\000v\000e\000l\000o\000c\000i\000t\000y}{subsection.5.20.3}% 233
\BOOKMARK [3][-]{subsubsection.5.20.3.5}{\376\377\0005\000.\0002\0000\000.\0003\000.\0005\000\040\000x}{subsection.5.20.3}% 234
\BOOKMARK [3][-]{subsubsection.5.20.3.6}{\376\377\0005\000.\0002\0000\000.\0003\000.\0006\000\040\000y}{subsection.5.20.3}% 235
\BOOKMARK [1][-]{section.5.21}{\376\377\0005\000.\0002\0001\000\040\000R\000i\000f\000l\000e\000\040\000C\000l\000a\000s\000s\000\040\000R\000e\000f\000e\000r\000e\000n\000c\000e}{chapter.5}% 236
\BOOKMARK [2][-]{subsection.5.21.1}{\376\377\0005\000.\0002\0001\000.\0001\000\040\000C\000o\000n\000s\000t\000r\000u\000c\000t\000o\000r\000\040\000\046\000\040\000D\000e\000s\000t\000r\000u\000c\000t\000o\000r\000\040\000D\000o\000c\000u\000m\000e\000n\000t\000a\000t\000i\000o\000n}{section.5.21}% 237
\BOOKMARK [3][-]{subsubsection.5.21.1.1}{\376\377\0005\000.\0002\0001\000.\0001\000.\0001\000\040\000R\000i\000f\000l\000e\000\050\000\051}{subsection.5.21.1}% 238
\BOOKMARK [2][-]{subsection.5.21.2}{\376\377\0005\000.\0002\0001\000.\0002\000\040\000M\000e\000m\000b\000e\000r\000\040\000F\000u\000n\000c\000t\000i\000o\000n\000\040\000D\000o\000c\000u\000m\000e\000n\000t\000a\000t\000i\000o\000n}{section.5.21}% 239
\BOOKMARK [3][-]{subsubsection.5.21.2.1}{\376\377\0005\000.\0002\0001\000.\0002\000.\0001\000\040\000s\000h\000o\000o\000t\000\050\000A\000L\000L\000E\000G\000R\000O\000\137\000M\000O\000U\000S\000E\000\137\000S\000T\000A\000T\000E\000\040\000\046\000m\000o\000u\000s\000e\000S\000t\000a\000t\000e\000,\000\040\000C\000o\000n\000n\000e\000c\000t\000i\000o\000n\000\040\000c\000o\000n\000n\000\051}{subsection.5.21.2}% 240
\BOOKMARK [1][-]{section.5.22}{\376\377\0005\000.\0002\0002\000\040\000S\000C\000h\000a\000r\000a\000c\000t\000e\000r\000\040\000C\000l\000a\000s\000s\000\040\000R\000e\000f\000e\000r\000e\000n\000c\000e}{chapter.5}% 241
\BOOKMARK [2][-]{subsection.5.22.1}{\376\377\0005\000.\0002\0002\000.\0001\000\040\000C\000o\000n\000s\000t\000r\000u\000c\000t\000o\000r\000\040\000\046\000\040\000D\000e\000s\000t\000r\000u\000c\000t\000o\000r\000\040\000D\000o\000c\000u\000m\000e\000n\000t\000a\000t\000i\000o\000n}{section.5.22}% 242
\BOOKMARK [3][-]{subsubsection.5.22.1.1}{\376\377\0005\000.\0002\0002\000.\0001\000.\0001\000\040\000S\000C\000h\000a\000r\000a\000c\000t\000e\000r\000\050\000i\000n\000t\000\040\000i\000d\000\051}{subsection.5.22.1}% 243
\BOOKMARK [3][-]{subsubsection.5.22.1.2}{\376\377\0005\000.\0002\0002\000.\0001\000.\0002\000\040\000S\000C\000h\000a\000r\000a\000c\000t\000e\000r\000\050\000\051}{subsection.5.22.1}% 244
\BOOKMARK [2][-]{subsection.5.22.2}{\376\377\0005\000.\0002\0002\000.\0002\000\040\000M\000e\000m\000b\000e\000r\000\040\000F\000u\000n\000c\000t\000i\000o\000n\000\040\000D\000o\000c\000u\000m\000e\000n\000t\000a\000t\000i\000o\000n}{section.5.22}% 245
\BOOKMARK [3][-]{subsubsection.5.22.2.1}{\376\377\0005\000.\0002\0002\000.\0002\000.\0001\000\040\000g\000e\000t\000D\000i\000r\000\050\000\051}{subsection.5.22.2}% 246
\BOOKMARK [3][-]{subsubsection.5.22.2.2}{\376\377\0005\000.\0002\0002\000.\0002\000.\0002\000\040\000g\000e\000t\000I\000d\000\050\000\051}{subsection.5.22.2}% 247
\BOOKMARK [3][-]{subsubsection.5.22.2.3}{\376\377\0005\000.\0002\0002\000.\0002\000.\0003\000\040\000g\000e\000t\000M\000y\000W\000e\000a\000p\000o\000n\000\050\000\051}{subsection.5.22.2}% 248
\BOOKMARK [3][-]{subsubsection.5.22.2.4}{\376\377\0005\000.\0002\0002\000.\0002\000.\0004\000\040\000g\000e\000t\000R\000e\000a\000d\000y\000\050\000\051}{subsection.5.22.2}% 249
\BOOKMARK [3][-]{subsubsection.5.22.2.5}{\376\377\0005\000.\0002\0002\000.\0002\000.\0005\000\040\000g\000e\000t\000T\000e\000a\000m\000\050\000\051}{subsection.5.22.2}% 250
\BOOKMARK [3][-]{subsubsection.5.22.2.6}{\376\377\0005\000.\0002\0002\000.\0002\000.\0006\000\040\000g\000e\000t\000V\000e\000l\000o\000c\000i\000t\000y\000\050\000\051}{subsection.5.22.2}% 251
\BOOKMARK [3][-]{subsubsection.5.22.2.7}{\376\377\0005\000.\0002\0002\000.\0002\000.\0007\000\040\000g\000e\000t\000X\000\050\000\051}{subsection.5.22.2}% 252
\BOOKMARK [3][-]{subsubsection.5.22.2.8}{\376\377\0005\000.\0002\0002\000.\0002\000.\0008\000\040\000g\000e\000t\000Y\000\050\000\051}{subsection.5.22.2}% 253
\BOOKMARK [3][-]{subsubsection.5.22.2.9}{\376\377\0005\000.\0002\0002\000.\0002\000.\0009\000\040\000m\000a\000k\000e\000\137\000r\000e\000a\000d\000y\000\050\000\051}{subsection.5.22.2}% 254
\BOOKMARK [3][-]{subsubsection.5.22.2.10}{\376\377\0005\000.\0002\0002\000.\0002\000.\0001\0000\000\040\000s\000e\000r\000i\000a\000l\000i\000z\000e\000\050\000c\000h\000a\000r\000\040\000b\000u\000f\000f\000e\000r\000\051}{subsection.5.22.2}% 255
\BOOKMARK [3][-]{subsubsection.5.22.2.11}{\376\377\0005\000.\0002\0002\000.\0002\000.\0001\0001\000\040\000s\000e\000t\000D\000i\000r\000\050\000D\000i\000r\000e\000c\000t\000i\000o\000n\000\040\000d\000i\000r\000\051}{subsection.5.22.2}% 256
\BOOKMARK [3][-]{subsubsection.5.22.2.12}{\376\377\0005\000.\0002\0002\000.\0002\000.\0001\0002\000\040\000s\000e\000t\000M\000y\000W\000e\000a\000p\000o\000n\000\050\000W\000e\000a\000p\000o\000n\000\040\000m\000y\000W\000e\000a\000p\000o\000n\000\051}{subsection.5.22.2}% 257
\BOOKMARK [3][-]{subsubsection.5.22.2.13}{\376\377\0005\000.\0002\0002\000.\0002\000.\0001\0003\000\040\000s\000e\000t\000T\000e\000a\000m\000\050\000T\000e\000a\000m\000\040\000t\000e\000a\000m\000\051}{subsection.5.22.2}% 258
\BOOKMARK [3][-]{subsubsection.5.22.2.14}{\376\377\0005\000.\0002\0002\000.\0002\000.\0001\0004\000\040\000s\000e\000t\000X\000\050\000i\000n\000t\0001\0006\000\137\000t\000\040\000x\000\051}{subsection.5.22.2}% 259
\BOOKMARK [3][-]{subsubsection.5.22.2.15}{\376\377\0005\000.\0002\0002\000.\0002\000.\0001\0005\000\040\000s\000e\000t\000Y\000\050\000i\000n\000t\0001\0006\000\137\000t\000\040\000y\000\051}{subsection.5.22.2}% 260
\BOOKMARK [1][-]{section.5.23}{\376\377\0005\000.\0002\0003\000\040\000S\000e\000r\000v\000e\000r\000\040\000C\000l\000a\000s\000s\000\040\000R\000e\000f\000e\000r\000e\000n\000c\000e}{chapter.5}% 261
\BOOKMARK [2][-]{subsection.5.23.1}{\376\377\0005\000.\0002\0003\000.\0001\000\040\000C\000o\000n\000s\000t\000r\000u\000c\000t\000o\000r\000\040\000\046\000\040\000D\000e\000s\000t\000r\000u\000c\000t\000o\000r\000\040\000D\000o\000c\000u\000m\000e\000n\000t\000a\000t\000i\000o\000n}{section.5.23}% 262
\BOOKMARK [3][-]{subsubsection.5.23.1.1}{\376\377\0005\000.\0002\0003\000.\0001\000.\0001\000\040\000S\000e\000r\000v\000e\000r\000\050\000\051}{subsection.5.23.1}% 263
\BOOKMARK [3][-]{subsubsection.5.23.1.2}{\376\377\0005\000.\0002\0003\000.\0001\000.\0002\000\040\000S\000e\000r\000v\000e\000r\000\050\000\051}{subsection.5.23.1}% 264
\BOOKMARK [2][-]{subsection.5.23.2}{\376\377\0005\000.\0002\0003\000.\0002\000\040\000M\000e\000m\000b\000e\000r\000\040\000F\000u\000n\000c\000t\000i\000o\000n\000\040\000D\000o\000c\000u\000m\000e\000n\000t\000a\000t\000i\000o\000n}{section.5.23}% 265
\BOOKMARK [3][-]{subsubsection.5.23.2.1}{\376\377\0005\000.\0002\0003\000.\0002\000.\0001\000\040\000m\000a\000i\000n\000\137\000l\000o\000o\000p\000\050\000\051}{subsection.5.23.2}% 266
\BOOKMARK [1][-]{section.5.24}{\376\377\0005\000.\0002\0004\000\040\000S\000M\000a\000p\000\040\000C\000l\000a\000s\000s\000\040\000R\000e\000f\000e\000r\000e\000n\000c\000e}{chapter.5}% 267
\BOOKMARK [2][-]{subsection.5.24.1}{\376\377\0005\000.\0002\0004\000.\0001\000\040\000M\000e\000m\000b\000e\000r\000\040\000F\000u\000n\000c\000t\000i\000o\000n\000\040\000D\000o\000c\000u\000m\000e\000n\000t\000a\000t\000i\000o\000n}{section.5.24}% 268
\BOOKMARK [3][-]{subsubsection.5.24.1.1}{\376\377\0005\000.\0002\0004\000.\0001\000.\0001\000\040\000c\000a\000l\000c\000u\000l\000a\000t\000e\000S\000p\000a\000w\000n\000\050\000\051}{subsection.5.24.1}% 269
\BOOKMARK [3][-]{subsubsection.5.24.1.2}{\376\377\0005\000.\0002\0004\000.\0001\000.\0002\000\040\000g\000e\000t\000S\000p\000a\000w\000\050\000\051}{subsection.5.24.1}% 270
\BOOKMARK [3][-]{subsubsection.5.24.1.3}{\376\377\0005\000.\0002\0004\000.\0001\000.\0003\000\040\000u\000s\000e\000S\000p\000a\000w\000n\000\050\000\137\000o\000b\000j\000e\000c\000t\000\040\000s\000p\000a\000w\000n\000\051}{subsection.5.24.1}% 271
\BOOKMARK [1][-]{section.5.25}{\376\377\0005\000.\0002\0005\000\040\000W\000e\000a\000p\000o\000n\000s\000\040\000C\000l\000a\000s\000s\000\040\000R\000e\000f\000e\000r\000e\000n\000c\000e}{chapter.5}% 272
\BOOKMARK [2][-]{subsection.5.25.1}{\376\377\0005\000.\0002\0005\000.\0001\000\040\000C\000o\000n\000s\000t\000r\000u\000c\000t\000o\000r\000\040\000\046\000\040\000D\000e\000s\000t\000r\000u\000c\000t\000o\000r\000\040\000D\000o\000c\000u\000m\000e\000n\000t\000a\000t\000i\000o\000n}{section.5.25}% 273
\BOOKMARK [3][-]{subsubsection.5.25.1.1}{\376\377\0005\000.\0002\0005\000.\0001\000.\0001\000\040\000W\000e\000a\000p\000o\000n\000s\000\050\000\051}{subsection.5.25.1}% 274
\BOOKMARK [3][-]{subsubsection.5.25.1.2}{\376\377\0005\000.\0002\0005\000.\0001\000.\0002\000\040\000W\000e\000a\000p\000o\000n\000s\000\050\000\051}{subsection.5.25.1}% 275
\BOOKMARK [2][-]{subsection.5.25.2}{\376\377\0005\000.\0002\0005\000.\0002\000\040\000M\000e\000m\000b\000e\000r\000\040\000F\000u\000n\000c\000t\000i\000o\000n\000\040\000D\000o\000c\000u\000m\000e\000n\000t\000a\000t\000i\000o\000n}{section.5.25}% 276
\BOOKMARK [3][-]{subsubsection.5.25.2.1}{\376\377\0005\000.\0002\0005\000.\0002\000.\0001\000\040\000c\000a\000l\000c\000u\000l\000a\000t\000e\000A\000n\000g\000l\000e\000\050\000i\000n\000t\000\040\000m\000a\000p\000X\000,\000\040\000i\000n\000t\000\040\000m\000a\000p\000Y\000,\000\040\000i\000n\000t\000\040\000m\000o\000u\000s\000e\000X\000,\000\040\000i\000n\000t\000\040\000m\000o\000u\000s\000e\000Y\000\051}{subsection.5.25.2}% 277
\BOOKMARK [3][-]{subsubsection.5.25.2.2}{\376\377\0005\000.\0002\0005\000.\0002\000.\0002\000\040\000d\000r\000a\000w\000\050\000i\000n\000t\000\040\000m\000a\000p\000X\000,\000\040\000i\000n\000t\000\040\000m\000a\000p\000Y\000\051}{subsection.5.25.2}% 278
\BOOKMARK [3][-]{subsubsection.5.25.2.3}{\376\377\0005\000.\0002\0005\000.\0002\000.\0003\000\040\000g\000e\000t\000A\000n\000g\000l\000e\000\050\000\051}{subsection.5.25.2}% 279
\BOOKMARK [3][-]{subsubsection.5.25.2.4}{\376\377\0005\000.\0002\0005\000.\0002\000.\0004\000\040\000g\000e\000t\000D\000m\000g\000\050\000\051}{subsection.5.25.2}% 280
\BOOKMARK [3][-]{subsubsection.5.25.2.5}{\376\377\0005\000.\0002\0005\000.\0002\000.\0005\000\040\000g\000e\000t\000P\000r\000o\000j\000e\000c\000t\000i\000l\000e\000s\000\050\000\051}{subsection.5.25.2}% 281
\BOOKMARK [3][-]{subsubsection.5.25.2.6}{\376\377\0005\000.\0002\0005\000.\0002\000.\0006\000\040\000g\000e\000t\000W\000e\000a\000p\000o\000n\000T\000i\000p\000X\000\050\000\051}{subsection.5.25.2}% 282
\BOOKMARK [3][-]{subsubsection.5.25.2.7}{\376\377\0005\000.\0002\0005\000.\0002\000.\0007\000\040\000g\000e\000t\000W\000e\000a\000p\000o\000n\000T\000i\000p\000Y\000\050\000\051}{subsection.5.25.2}% 283
\BOOKMARK [3][-]{subsubsection.5.25.2.8}{\376\377\0005\000.\0002\0005\000.\0002\000.\0008\000\040\000g\000e\000t\000X\000\050\000\051}{subsection.5.25.2}% 284
\BOOKMARK [3][-]{subsubsection.5.25.2.9}{\376\377\0005\000.\0002\0005\000.\0002\000.\0009\000\040\000g\000e\000t\000Y\000\050\000\051}{subsection.5.25.2}% 285
\BOOKMARK [3][-]{subsubsection.5.25.2.10}{\376\377\0005\000.\0002\0005\000.\0002\000.\0001\0000\000\040\000p\000l\000a\000y\000\137\000s\000o\000u\000n\000d\000\050\000f\000l\000o\000a\000t\000\040\000d\000i\000s\000t\000a\000n\000c\000e\000\051}{subsection.5.25.2}% 286
\BOOKMARK [3][-]{subsubsection.5.25.2.11}{\376\377\0005\000.\0002\0005\000.\0002\000.\0001\0001\000\040\000s\000e\000t\000A\000n\000g\000l\000e\000\050\000f\000l\000o\000a\000t\000\040\000a\000n\000g\000l\000e\000\051}{subsection.5.25.2}% 287
\BOOKMARK [3][-]{subsubsection.5.25.2.12}{\376\377\0005\000.\0002\0005\000.\0002\000.\0001\0002\000\040\000s\000e\000t\000R\000a\000d\000i\000u\000s\000\050\000i\000n\000t\0001\0006\000\137\000t\000\040\000r\000a\000d\000i\000u\000s\000\051}{subsection.5.25.2}% 288
\BOOKMARK [3][-]{subsubsection.5.25.2.13}{\376\377\0005\000.\0002\0005\000.\0002\000.\0001\0003\000\040\000s\000e\000t\000X\000\050\000i\000n\000t\0001\0006\000\137\000t\000\040\000x\000\051}{subsection.5.25.2}% 289
\BOOKMARK [3][-]{subsubsection.5.25.2.14}{\376\377\0005\000.\0002\0005\000.\0002\000.\0001\0004\000\040\000s\000e\000t\000Y\000\050\000i\000n\000t\0001\0006\000\137\000t\000\040\000y\000\051}{subsection.5.25.2}% 290
\BOOKMARK [3][-]{subsubsection.5.25.2.15}{\376\377\0005\000.\0002\0005\000.\0002\000.\0001\0005\000\040\000s\000h\000o\000o\000t\000\050\000A\000L\000L\000E\000G\000R\000O\000\137\000M\000O\000U\000S\000E\000\137\000S\000T\000A\000T\000E\000\040\000\046\000m\000o\000u\000s\000e\000S\000t\000a\000t\000e\000,\000\040\000C\000o\000n\000n\000e\000c\000t\000i\000o\000n\000\040\000c\000o\000n\000n\000\051\000=\0000}{subsection.5.25.2}% 291
\BOOKMARK [2][-]{subsection.5.25.3}{\376\377\0005\000.\0002\0005\000.\0003\000\040\000M\000e\000m\000b\000e\000r\000\040\000D\000a\000t\000a\000\040\000D\000o\000c\000u\000m\000e\000n\000t\000a\000t\000i\000o\000n}{section.5.25}% 292
\BOOKMARK [3][-]{subsubsection.5.25.3.1}{\376\377\0005\000.\0002\0005\000.\0003\000.\0001\000\040\000a\000n\000g\000l\000e}{subsection.5.25.3}% 293
\BOOKMARK [3][-]{subsubsection.5.25.3.2}{\376\377\0005\000.\0002\0005\000.\0003\000.\0002\000\040\000d\000i\000s\000p\000e\000r\000s\000i\000o\000n}{subsection.5.25.3}% 294
\BOOKMARK [3][-]{subsubsection.5.25.3.3}{\376\377\0005\000.\0002\0005\000.\0003\000.\0003\000\040\000d\000m\000g}{subsection.5.25.3}% 295
\BOOKMARK [3][-]{subsubsection.5.25.3.4}{\376\377\0005\000.\0002\0005\000.\0003\000.\0004\000\040\000g\000u\000n}{subsection.5.25.3}% 296
\BOOKMARK [3][-]{subsubsection.5.25.3.5}{\376\377\0005\000.\0002\0005\000.\0003\000.\0005\000\040\000m\000a\000g\000S\000i\000z\000e}{subsection.5.25.3}% 297
\BOOKMARK [3][-]{subsubsection.5.25.3.6}{\376\377\0005\000.\0002\0005\000.\0003\000.\0006\000\040\000n\000P\000r\000o\000j\000e\000c\000t\000i\000l\000e}{subsection.5.25.3}% 298
\BOOKMARK [3][-]{subsubsection.5.25.3.7}{\376\377\0005\000.\0002\0005\000.\0003\000.\0007\000\040\000p\000r\000o\000j\000e\000c\000t\000i\000l\000e\000s}{subsection.5.25.3}% 299
\BOOKMARK [3][-]{subsubsection.5.25.3.8}{\376\377\0005\000.\0002\0005\000.\0003\000.\0008\000\040\000r\000a\000d\000i\000u\000s}{subsection.5.25.3}% 300
\BOOKMARK [3][-]{subsubsection.5.25.3.9}{\376\377\0005\000.\0002\0005\000.\0003\000.\0009\000\040\000s\000h\000o\000o\000t\000T\000i\000m\000e\000r}{subsection.5.25.3}% 301
\BOOKMARK [3][-]{subsubsection.5.25.3.10}{\376\377\0005\000.\0002\0005\000.\0003\000.\0001\0000\000\040\000s\000o\000u\000n\000d}{subsection.5.25.3}% 302
\BOOKMARK [3][-]{subsubsection.5.25.3.11}{\376\377\0005\000.\0002\0005\000.\0003\000.\0001\0001\000\040\000t\000y\000p\000e}{subsection.5.25.3}% 303
\BOOKMARK [3][-]{subsubsection.5.25.3.12}{\376\377\0005\000.\0002\0005\000.\0003\000.\0001\0002\000\040\000x}{subsection.5.25.3}% 304
\BOOKMARK [3][-]{subsubsection.5.25.3.13}{\376\377\0005\000.\0002\0005\000.\0003\000.\0001\0003\000\040\000y}{subsection.5.25.3}% 305
\BOOKMARK [0][-]{chapter.6}{\376\377\0006\000\040\000F\000i\000l\000e\000\040\000D\000o\000c\000u\000m\000e\000n\000t\000a\000t\000i\000o\000n}{}% 306
\BOOKMARK [1][-]{section.6.1}{\376\377\0006\000.\0001\000\040\000/\000h\000o\000m\000e\000/\000c\000l\000e\000m\000e\000n\000t\000e\000/\000p\000r\000o\000j\000e\000c\000t\000s\000/\000T\000r\000o\000l\000l\000-\000K\000i\000l\000l\000e\000r\000s\000/\000\137\000d\000a\000t\000a\000.\000h\000p\000p\000\040\000F\000i\000l\000e\000\040\000R\000e\000f\000e\000r\000e\000n\000c\000e}{chapter.6}% 307
\BOOKMARK [2][-]{subsection.6.1.1}{\376\377\0006\000.\0001\000.\0001\000\040\000M\000a\000c\000r\000o\000\040\000D\000e\000f\000i\000n\000i\000t\000i\000o\000n\000\040\000D\000o\000c\000u\000m\000e\000n\000t\000a\000t\000i\000o\000n}{section.6.1}% 308
\BOOKMARK [3][-]{subsubsection.6.1.1.1}{\376\377\0006\000.\0001\000.\0001\000.\0001\000\040\000B\000U\000F\000F\000E\000R\000\137\000S\000I\000Z\000E}{subsection.6.1.1}% 309
\BOOKMARK [1][-]{section.6.2}{\376\377\0006\000.\0002\000\040\000/\000h\000o\000m\000e\000/\000c\000l\000e\000m\000e\000n\000t\000e\000/\000p\000r\000o\000j\000e\000c\000t\000s\000/\000T\000r\000o\000l\000l\000-\000K\000i\000l\000l\000e\000r\000s\000/\000\137\000o\000b\000j\000e\000c\000t\000.\000h\000p\000p\000\040\000F\000i\000l\000e\000\040\000R\000e\000f\000e\000r\000e\000n\000c\000e}{chapter.6}% 310
\BOOKMARK [1][-]{section.6.3}{\376\377\0006\000.\0003\000\040\000/\000h\000o\000m\000e\000/\000c\000l\000e\000m\000e\000n\000t\000e\000/\000p\000r\000o\000j\000e\000c\000t\000s\000/\000T\000r\000o\000l\000l\000-\000K\000i\000l\000l\000e\000r\000s\000/\000C\000C\000h\000a\000r\000a\000c\000t\000e\000r\000.\000c\000p\000p\000\040\000F\000i\000l\000e\000\040\000R\000e\000f\000e\000r\000e\000n\000c\000e}{chapter.6}% 311
\BOOKMARK [1][-]{section.6.4}{\376\377\0006\000.\0004\000\040\000/\000h\000o\000m\000e\000/\000c\000l\000e\000m\000e\000n\000t\000e\000/\000p\000r\000o\000j\000e\000c\000t\000s\000/\000T\000r\000o\000l\000l\000-\000K\000i\000l\000l\000e\000r\000s\000/\000C\000C\000h\000a\000r\000a\000c\000t\000e\000r\000.\000h\000p\000p\000\040\000F\000i\000l\000e\000\040\000R\000e\000f\000e\000r\000e\000n\000c\000e}{chapter.6}% 312
\BOOKMARK [2][-]{subsection.6.4.1}{\376\377\0006\000.\0004\000.\0001\000\040\000M\000a\000c\000r\000o\000\040\000D\000e\000f\000i\000n\000i\000t\000i\000o\000n\000\040\000D\000o\000c\000u\000m\000e\000n\000t\000a\000t\000i\000o\000n}{section.6.4}% 313
\BOOKMARK [3][-]{subsubsection.6.4.1.1}{\376\377\0006\000.\0004\000.\0001\000.\0001\000\040\000R\000E\000S\000P\000A\000W\000N\000\137\000T\000I\000M\000E\000R}{subsection.6.4.1}% 314
\BOOKMARK [1][-]{section.6.5}{\376\377\0006\000.\0005\000\040\000/\000h\000o\000m\000e\000/\000c\000l\000e\000m\000e\000n\000t\000e\000/\000p\000r\000o\000j\000e\000c\000t\000s\000/\000T\000r\000o\000l\000l\000-\000K\000i\000l\000l\000e\000r\000s\000/\000C\000l\000i\000e\000n\000t\000.\000c\000p\000p\000\040\000F\000i\000l\000e\000\040\000R\000e\000f\000e\000r\000e\000n\000c\000e}{chapter.6}% 315
\BOOKMARK [1][-]{section.6.6}{\376\377\0006\000.\0006\000\040\000/\000h\000o\000m\000e\000/\000c\000l\000e\000m\000e\000n\000t\000e\000/\000p\000r\000o\000j\000e\000c\000t\000s\000/\000T\000r\000o\000l\000l\000-\000K\000i\000l\000l\000e\000r\000s\000/\000C\000l\000i\000e\000n\000t\000.\000h\000p\000p\000\040\000F\000i\000l\000e\000\040\000R\000e\000f\000e\000r\000e\000n\000c\000e}{chapter.6}% 316
\BOOKMARK [1][-]{section.6.7}{\376\377\0006\000.\0007\000\040\000/\000h\000o\000m\000e\000/\000c\000l\000e\000m\000e\000n\000t\000e\000/\000p\000r\000o\000j\000e\000c\000t\000s\000/\000T\000r\000o\000l\000l\000-\000K\000i\000l\000l\000e\000r\000s\000/\000C\000M\000a\000p\000.\000c\000p\000p\000\040\000F\000i\000l\000e\000\040\000R\000e\000f\000e\000r\000e\000n\000c\000e}{chapter.6}% 317
\BOOKMARK [1][-]{section.6.8}{\376\377\0006\000.\0008\000\040\000/\000h\000o\000m\000e\000/\000c\000l\000e\000m\000e\000n\000t\000e\000/\000p\000r\000o\000j\000e\000c\000t\000s\000/\000T\000r\000o\000l\000l\000-\000K\000i\000l\000l\000e\000r\000s\000/\000C\000M\000a\000p\000.\000h\000p\000p\000\040\000F\000i\000l\000e\000\040\000R\000e\000f\000e\000r\000e\000n\000c\000e}{chapter.6}% 318
\BOOKMARK [1][-]{section.6.9}{\376\377\0006\000.\0009\000\040\000/\000h\000o\000m\000e\000/\000c\000l\000e\000m\000e\000n\000t\000e\000/\000p\000r\000o\000j\000e\000c\000t\000s\000/\000T\000r\000o\000l\000l\000-\000K\000i\000l\000l\000e\000r\000s\000/\000C\000o\000n\000f\000i\000g\000u\000r\000a\000t\000i\000o\000n\000.\000c\000p\000p\000\040\000F\000i\000l\000e\000\040\000R\000e\000f\000e\000r\000e\000n\000c\000e}{chapter.6}% 319
\BOOKMARK [1][-]{section.6.10}{\376\377\0006\000.\0001\0000\000\040\000/\000h\000o\000m\000e\000/\000c\000l\000e\000m\000e\000n\000t\000e\000/\000p\000r\000o\000j\000e\000c\000t\000s\000/\000T\000r\000o\000l\000l\000-\000K\000i\000l\000l\000e\000r\000s\000/\000C\000o\000n\000f\000i\000g\000u\000r\000a\000t\000i\000o\000n\000.\000h\000p\000p\000\040\000F\000i\000l\000e\000\040\000R\000e\000f\000e\000r\000e\000n\000c\000e}{chapter.6}% 320
\BOOKMARK [1][-]{section.6.11}{\376\377\0006\000.\0001\0001\000\040\000/\000h\000o\000m\000e\000/\000c\000l\000e\000m\000e\000n\000t\000e\000/\000p\000r\000o\000j\000e\000c\000t\000s\000/\000T\000r\000o\000l\000l\000-\000K\000i\000l\000l\000e\000r\000s\000/\000C\000o\000n\000n\000e\000c\000t\000i\000o\000n\000.\000c\000p\000p\000\040\000F\000i\000l\000e\000\040\000R\000e\000f\000e\000r\000e\000n\000c\000e}{chapter.6}% 321
\BOOKMARK [1][-]{section.6.12}{\376\377\0006\000.\0001\0002\000\040\000/\000h\000o\000m\000e\000/\000c\000l\000e\000m\000e\000n\000t\000e\000/\000p\000r\000o\000j\000e\000c\000t\000s\000/\000T\000r\000o\000l\000l\000-\000K\000i\000l\000l\000e\000r\000s\000/\000C\000o\000n\000n\000e\000c\000t\000i\000o\000n\000.\000h\000p\000p\000\040\000F\000i\000l\000e\000\040\000R\000e\000f\000e\000r\000e\000n\000c\000e}{chapter.6}% 322
\BOOKMARK [2][-]{subsection.6.12.1}{\376\377\0006\000.\0001\0002\000.\0001\000\040\000M\000a\000c\000r\000o\000\040\000D\000e\000f\000i\000n\000i\000t\000i\000o\000n\000\040\000D\000o\000c\000u\000m\000e\000n\000t\000a\000t\000i\000o\000n}{section.6.12}% 323
\BOOKMARK [3][-]{subsubsection.6.12.1.1}{\376\377\0006\000.\0001\0002\000.\0001\000.\0001\000\040\000S\000I\000Z\000E}{subsection.6.12.1}% 324
\BOOKMARK [1][-]{section.6.13}{\376\377\0006\000.\0001\0003\000\040\000/\000h\000o\000m\000e\000/\000c\000l\000e\000m\000e\000n\000t\000e\000/\000p\000r\000o\000j\000e\000c\000t\000s\000/\000T\000r\000o\000l\000l\000-\000K\000i\000l\000l\000e\000r\000s\000/\000C\000P\000r\000o\000j\000e\000c\000t\000i\000l\000e\000.\000c\000p\000p\000\040\000F\000i\000l\000e\000\040\000R\000e\000f\000e\000r\000e\000n\000c\000e}{chapter.6}% 325
\BOOKMARK [1][-]{section.6.14}{\376\377\0006\000.\0001\0004\000\040\000/\000h\000o\000m\000e\000/\000c\000l\000e\000m\000e\000n\000t\000e\000/\000p\000r\000o\000j\000e\000c\000t\000s\000/\000T\000r\000o\000l\000l\000-\000K\000i\000l\000l\000e\000r\000s\000/\000C\000P\000r\000o\000j\000e\000c\000t\000i\000l\000e\000.\000h\000p\000p\000\040\000F\000i\000l\000e\000\040\000R\000e\000f\000e\000r\000e\000n\000c\000e}{chapter.6}% 326
\BOOKMARK [1][-]{section.6.15}{\376\377\0006\000.\0001\0005\000\040\000/\000h\000o\000m\000e\000/\000c\000l\000e\000m\000e\000n\000t\000e\000/\000p\000r\000o\000j\000e\000c\000t\000s\000/\000T\000r\000o\000l\000l\000-\000K\000i\000l\000l\000e\000r\000s\000/\000C\000u\000r\000s\000o\000r\000.\000c\000p\000p\000\040\000F\000i\000l\000e\000\040\000R\000e\000f\000e\000r\000e\000n\000c\000e}{chapter.6}% 327
\BOOKMARK [1][-]{section.6.16}{\376\377\0006\000.\0001\0006\000\040\000/\000h\000o\000m\000e\000/\000c\000l\000e\000m\000e\000n\000t\000e\000/\000p\000r\000o\000j\000e\000c\000t\000s\000/\000T\000r\000o\000l\000l\000-\000K\000i\000l\000l\000e\000r\000s\000/\000C\000u\000r\000s\000o\000r\000.\000h\000p\000p\000\040\000F\000i\000l\000e\000\040\000R\000e\000f\000e\000r\000e\000n\000c\000e}{chapter.6}% 328
\BOOKMARK [1][-]{section.6.17}{\376\377\0006\000.\0001\0007\000\040\000/\000h\000o\000m\000e\000/\000c\000l\000e\000m\000e\000n\000t\000e\000/\000p\000r\000o\000j\000e\000c\000t\000s\000/\000T\000r\000o\000l\000l\000-\000K\000i\000l\000l\000e\000r\000s\000/\000D\000e\000f\000i\000n\000e\000s\000.\000h\000p\000p\000\040\000F\000i\000l\000e\000\040\000R\000e\000f\000e\000r\000e\000n\000c\000e}{chapter.6}% 329
\BOOKMARK [2][-]{subsection.6.17.1}{\376\377\0006\000.\0001\0007\000.\0001\000\040\000M\000a\000c\000r\000o\000\040\000D\000e\000f\000i\000n\000i\000t\000i\000o\000n\000\040\000D\000o\000c\000u\000m\000e\000n\000t\000a\000t\000i\000o\000n}{section.6.17}% 330
\BOOKMARK [3][-]{subsubsection.6.17.1.1}{\376\377\0006\000.\0001\0007\000.\0001\000.\0001\000\040\000F\000P\000S}{subsection.6.17.1}% 331
\BOOKMARK [3][-]{subsubsection.6.17.1.2}{\376\377\0006\000.\0001\0007\000.\0001\000.\0002\000\040\000G\000R\000I\000D}{subsection.6.17.1}% 332
\BOOKMARK [3][-]{subsubsection.6.17.1.3}{\376\377\0006\000.\0001\0007\000.\0001\000.\0003\000\040\000P\000L\000A\000Y\000E\000R\000\137\000V\000E\000L\000O\000C\000I\000T\000Y}{subsection.6.17.1}% 333
\BOOKMARK [3][-]{subsubsection.6.17.1.4}{\376\377\0006\000.\0001\0007\000.\0001\000.\0004\000\040\000P\000R\000O\000T\000O\000C\000O\000L\000\137\000C\000H\000A\000R\000A\000C\000T\000E\000R}{subsection.6.17.1}% 334
\BOOKMARK [3][-]{subsubsection.6.17.1.5}{\376\377\0006\000.\0001\0007\000.\0001\000.\0005\000\040\000P\000R\000O\000T\000O\000C\000O\000L\000\137\000D\000E\000L\000E\000T\000E\000\137\000B\000U\000L\000L\000E\000T}{subsection.6.17.1}% 335
\BOOKMARK [3][-]{subsubsection.6.17.1.6}{\376\377\0006\000.\0001\0007\000.\0001\000.\0006\000\040\000P\000R\000O\000T\000O\000C\000O\000L\000\137\000D\000I\000S\000C\000O\000N\000N\000E\000C\000T}{subsection.6.17.1}% 336
\BOOKMARK [3][-]{subsubsection.6.17.1.7}{\376\377\0006\000.\0001\0007\000.\0001\000.\0007\000\040\000P\000R\000O\000T\000O\000C\000O\000L\000\137\000H\000I\000T}{subsection.6.17.1}% 337
\BOOKMARK [3][-]{subsubsection.6.17.1.8}{\376\377\0006\000.\0001\0007\000.\0001\000.\0008\000\040\000P\000R\000O\000T\000O\000C\000O\000L\000\137\000M\000A\000P\000\137\000F\000I\000L\000E}{subsection.6.17.1}% 338
\BOOKMARK [3][-]{subsubsection.6.17.1.9}{\376\377\0006\000.\0001\0007\000.\0001\000.\0009\000\040\000P\000R\000O\000T\000O\000C\000O\000L\000\137\000M\000Y\000\137\000W\000E\000A\000P\000O\000N}{subsection.6.17.1}% 339
\BOOKMARK [3][-]{subsubsection.6.17.1.10}{\376\377\0006\000.\0001\0007\000.\0001\000.\0001\0000\000\040\000P\000R\000O\000T\000O\000C\000O\000L\000\137\000N\000\137\000P\000E\000E\000R\000S}{subsection.6.17.1}% 340
\BOOKMARK [3][-]{subsubsection.6.17.1.11}{\376\377\0006\000.\0001\0007\000.\0001\000.\0001\0001\000\040\000P\000R\000O\000T\000O\000C\000O\000L\000\137\000N\000E\000W\000\137\000S\000H\000O\000O\000T}{subsection.6.17.1}% 341
\BOOKMARK [3][-]{subsubsection.6.17.1.12}{\376\377\0006\000.\0001\0007\000.\0001\000.\0001\0002\000\040\000P\000R\000O\000T\000O\000C\000O\000L\000\137\000N\000E\000W\000\137\000U\000S\000E\000R}{subsection.6.17.1}% 342
\BOOKMARK [3][-]{subsubsection.6.17.1.13}{\376\377\0006\000.\0001\0007\000.\0001\000.\0001\0003\000\040\000P\000R\000O\000T\000O\000C\000O\000L\000\137\000R\000E\000V\000I\000V\000E}{subsection.6.17.1}% 343
\BOOKMARK [3][-]{subsubsection.6.17.1.14}{\376\377\0006\000.\0001\0007\000.\0001\000.\0001\0004\000\040\000P\000R\000O\000T\000O\000C\000O\000L\000\137\000S\000E\000T\000\137\000P\000O\000S\000\137\000T\000E\000A\000M}{subsection.6.17.1}% 344
\BOOKMARK [3][-]{subsubsection.6.17.1.15}{\376\377\0006\000.\0001\0007\000.\0001\000.\0001\0005\000\040\000S\000C\000R\000E\000E\000N\000\137\000P\000R\000O\000J\000E\000C\000T\000I\000L\000E\000S}{subsection.6.17.1}% 345
\BOOKMARK [1][-]{section.6.18}{\376\377\0006\000.\0001\0008\000\040\000/\000h\000o\000m\000e\000/\000c\000l\000e\000m\000e\000n\000t\000e\000/\000p\000r\000o\000j\000e\000c\000t\000s\000/\000T\000r\000o\000l\000l\000-\000K\000i\000l\000l\000e\000r\000s\000/\000e\000d\000i\000t\000o\000r\000M\000a\000i\000n\000.\000c\000p\000p\000\040\000F\000i\000l\000e\000\040\000R\000e\000f\000e\000r\000e\000n\000c\000e}{chapter.6}% 346
\BOOKMARK [2][-]{subsection.6.18.1}{\376\377\0006\000.\0001\0008\000.\0001\000\040\000F\000u\000n\000c\000t\000i\000o\000n\000\040\000D\000o\000c\000u\000m\000e\000n\000t\000a\000t\000i\000o\000n}{section.6.18}% 347
\BOOKMARK [3][-]{subsubsection.6.18.1.1}{\376\377\0006\000.\0001\0008\000.\0001\000.\0001\000\040\000m\000a\000i\000n\000\050\000\051}{subsection.6.18.1}% 348
\BOOKMARK [1][-]{section.6.19}{\376\377\0006\000.\0001\0009\000\040\000/\000h\000o\000m\000e\000/\000c\000l\000e\000m\000e\000n\000t\000e\000/\000p\000r\000o\000j\000e\000c\000t\000s\000/\000T\000r\000o\000l\000l\000-\000K\000i\000l\000l\000e\000r\000s\000/\000E\000n\000u\000m\000s\000.\000h\000p\000p\000\040\000F\000i\000l\000e\000\040\000R\000e\000f\000e\000r\000e\000n\000c\000e}{chapter.6}% 349
\BOOKMARK [2][-]{subsection.6.19.1}{\376\377\0006\000.\0001\0009\000.\0001\000\040\000E\000n\000u\000m\000e\000r\000a\000t\000i\000o\000n\000\040\000T\000y\000p\000e\000\040\000D\000o\000c\000u\000m\000e\000n\000t\000a\000t\000i\000o\000n}{section.6.19}% 350
\BOOKMARK [3][-]{subsubsection.6.19.1.1}{\376\377\0006\000.\0001\0009\000.\0001\000.\0001\000\040\000D\000i\000r\000e\000c\000t\000i\000o\000n}{subsection.6.19.1}% 351
\BOOKMARK [3][-]{subsubsection.6.19.1.2}{\376\377\0006\000.\0001\0009\000.\0001\000.\0002\000\040\000O\000b\000j\000e\000c\000t\000T\000y\000p\000e}{subsection.6.19.1}% 352
\BOOKMARK [3][-]{subsubsection.6.19.1.3}{\376\377\0006\000.\0001\0009\000.\0001\000.\0003\000\040\000T\000e\000a\000m}{subsection.6.19.1}% 353
\BOOKMARK [3][-]{subsubsection.6.19.1.4}{\376\377\0006\000.\0001\0009\000.\0001\000.\0004\000\040\000W\000e\000a\000p\000o\000n}{subsection.6.19.1}% 354
\BOOKMARK [1][-]{section.6.20}{\376\377\0006\000.\0002\0000\000\040\000/\000h\000o\000m\000e\000/\000c\000l\000e\000m\000e\000n\000t\000e\000/\000p\000r\000o\000j\000e\000c\000t\000s\000/\000T\000r\000o\000l\000l\000-\000K\000i\000l\000l\000e\000r\000s\000/\000I\000G\000O\000b\000j\000e\000c\000t\000.\000h\000p\000p\000\040\000F\000i\000l\000e\000\040\000R\000e\000f\000e\000r\000e\000n\000c\000e}{chapter.6}% 355
\BOOKMARK [1][-]{section.6.21}{\376\377\0006\000.\0002\0001\000\040\000/\000h\000o\000m\000e\000/\000c\000l\000e\000m\000e\000n\000t\000e\000/\000p\000r\000o\000j\000e\000c\000t\000s\000/\000T\000r\000o\000l\000l\000-\000K\000i\000l\000l\000e\000r\000s\000/\000m\000a\000i\000n\000C\000l\000i\000e\000n\000t\000.\000c\000p\000p\000\040\000F\000i\000l\000e\000\040\000R\000e\000f\000e\000r\000e\000n\000c\000e}{chapter.6}% 356
\BOOKMARK [2][-]{subsection.6.21.1}{\376\377\0006\000.\0002\0001\000.\0001\000\040\000F\000u\000n\000c\000t\000i\000o\000n\000\040\000D\000o\000c\000u\000m\000e\000n\000t\000a\000t\000i\000o\000n}{section.6.21}% 357
\BOOKMARK [3][-]{subsubsection.6.21.1.1}{\376\377\0006\000.\0002\0001\000.\0001\000.\0001\000\040\000m\000a\000i\000n\000\050\000\051}{subsection.6.21.1}% 358
\BOOKMARK [1][-]{section.6.22}{\376\377\0006\000.\0002\0002\000\040\000/\000h\000o\000m\000e\000/\000c\000l\000e\000m\000e\000n\000t\000e\000/\000p\000r\000o\000j\000e\000c\000t\000s\000/\000T\000r\000o\000l\000l\000-\000K\000i\000l\000l\000e\000r\000s\000/\000m\000a\000i\000n\000S\000e\000r\000v\000e\000r\000.\000c\000p\000p\000\040\000F\000i\000l\000e\000\040\000R\000e\000f\000e\000r\000e\000n\000c\000e}{chapter.6}% 359
\BOOKMARK [2][-]{subsection.6.22.1}{\376\377\0006\000.\0002\0002\000.\0001\000\040\000F\000u\000n\000c\000t\000i\000o\000n\000\040\000D\000o\000c\000u\000m\000e\000n\000t\000a\000t\000i\000o\000n}{section.6.22}% 360
\BOOKMARK [3][-]{subsubsection.6.22.1.1}{\376\377\0006\000.\0002\0002\000.\0001\000.\0001\000\040\000m\000a\000i\000n\000\050\000\051}{subsection.6.22.1}% 361
\BOOKMARK [1][-]{section.6.23}{\376\377\0006\000.\0002\0003\000\040\000/\000h\000o\000m\000e\000/\000c\000l\000e\000m\000e\000n\000t\000e\000/\000p\000r\000o\000j\000e\000c\000t\000s\000/\000T\000r\000o\000l\000l\000-\000K\000i\000l\000l\000e\000r\000s\000/\000M\000a\000p\000.\000c\000p\000p\000\040\000F\000i\000l\000e\000\040\000R\000e\000f\000e\000r\000e\000n\000c\000e}{chapter.6}% 362
\BOOKMARK [1][-]{section.6.24}{\376\377\0006\000.\0002\0004\000\040\000/\000h\000o\000m\000e\000/\000c\000l\000e\000m\000e\000n\000t\000e\000/\000p\000r\000o\000j\000e\000c\000t\000s\000/\000T\000r\000o\000l\000l\000-\000K\000i\000l\000l\000e\000r\000s\000/\000M\000a\000p\000.\000h\000p\000p\000\040\000F\000i\000l\000e\000\040\000R\000e\000f\000e\000r\000e\000n\000c\000e}{chapter.6}% 363
\BOOKMARK [1][-]{section.6.25}{\376\377\0006\000.\0002\0005\000\040\000/\000h\000o\000m\000e\000/\000c\000l\000e\000m\000e\000n\000t\000e\000/\000p\000r\000o\000j\000e\000c\000t\000s\000/\000T\000r\000o\000l\000l\000-\000K\000i\000l\000l\000e\000r\000s\000/\000M\000a\000p\000E\000d\000i\000t\000o\000r\000.\000c\000p\000p\000\040\000F\000i\000l\000e\000\040\000R\000e\000f\000e\000r\000e\000n\000c\000e}{chapter.6}% 364
\BOOKMARK [1][-]{section.6.26}{\376\377\0006\000.\0002\0006\000\040\000/\000h\000o\000m\000e\000/\000c\000l\000e\000m\000e\000n\000t\000e\000/\000p\000r\000o\000j\000e\000c\000t\000s\000/\000T\000r\000o\000l\000l\000-\000K\000i\000l\000l\000e\000r\000s\000/\000M\000a\000p\000E\000d\000i\000t\000o\000r\000.\000h\000p\000p\000\040\000F\000i\000l\000e\000\040\000R\000e\000f\000e\000r\000e\000n\000c\000e}{chapter.6}% 365
\BOOKMARK [2][-]{subsection.6.26.1}{\376\377\0006\000.\0002\0006\000.\0001\000\040\000M\000a\000c\000r\000o\000\040\000D\000e\000f\000i\000n\000i\000t\000i\000o\000n\000\040\000D\000o\000c\000u\000m\000e\000n\000t\000a\000t\000i\000o\000n}{section.6.26}% 366
\BOOKMARK [3][-]{subsubsection.6.26.1.1}{\376\377\0006\000.\0002\0006\000.\0001\000.\0001\000\040\000L\000E\000N\000G\000T\000H}{subsection.6.26.1}% 367
\BOOKMARK [3][-]{subsubsection.6.26.1.2}{\376\377\0006\000.\0002\0006\000.\0001\000.\0002\000\040\000M\000A\000P\000\137\000F\000I\000L\000E}{subsection.6.26.1}% 368
\BOOKMARK [3][-]{subsubsection.6.26.1.3}{\376\377\0006\000.\0002\0006\000.\0001\000.\0003\000\040\000M\000A\000X\000\137\000O\000B\000J\000E\000C\000T\000S}{subsection.6.26.1}% 369
\BOOKMARK [3][-]{subsubsection.6.26.1.4}{\376\377\0006\000.\0002\0006\000.\0001\000.\0004\000\040\000R\000E\000S\000\137\000X}{subsection.6.26.1}% 370
\BOOKMARK [3][-]{subsubsection.6.26.1.5}{\376\377\0006\000.\0002\0006\000.\0001\000.\0005\000\040\000R\000E\000S\000\137\000Y}{subsection.6.26.1}% 371
\BOOKMARK [3][-]{subsubsection.6.26.1.6}{\376\377\0006\000.\0002\0006\000.\0001\000.\0006\000\040\000W\000I\000D\000T\000H}{subsection.6.26.1}% 372
\BOOKMARK [1][-]{section.6.27}{\376\377\0006\000.\0002\0007\000\040\000/\000h\000o\000m\000e\000/\000c\000l\000e\000m\000e\000n\000t\000e\000/\000p\000r\000o\000j\000e\000c\000t\000s\000/\000T\000r\000o\000l\000l\000-\000K\000i\000l\000l\000e\000r\000s\000/\000M\000e\000n\000u\000.\000c\000p\000p\000\040\000F\000i\000l\000e\000\040\000R\000e\000f\000e\000r\000e\000n\000c\000e}{chapter.6}% 373
\BOOKMARK [1][-]{section.6.28}{\376\377\0006\000.\0002\0008\000\040\000/\000h\000o\000m\000e\000/\000c\000l\000e\000m\000e\000n\000t\000e\000/\000p\000r\000o\000j\000e\000c\000t\000s\000/\000T\000r\000o\000l\000l\000-\000K\000i\000l\000l\000e\000r\000s\000/\000M\000e\000n\000u\000.\000h\000p\000p\000\040\000F\000i\000l\000e\000\040\000R\000e\000f\000e\000r\000e\000n\000c\000e}{chapter.6}% 374
\BOOKMARK [2][-]{subsection.6.28.1}{\376\377\0006\000.\0002\0008\000.\0001\000\040\000M\000a\000c\000r\000o\000\040\000D\000e\000f\000i\000n\000i\000t\000i\000o\000n\000\040\000D\000o\000c\000u\000m\000e\000n\000t\000a\000t\000i\000o\000n}{section.6.28}% 375
\BOOKMARK [3][-]{subsubsection.6.28.1.1}{\376\377\0006\000.\0002\0008\000.\0001\000.\0001\000\040\000C\000H\000A\000N\000G\000E\000\137\000M\000E\000N\000U}{subsection.6.28.1}% 376
\BOOKMARK [3][-]{subsubsection.6.28.1.2}{\376\377\0006\000.\0002\0008\000.\0001\000.\0002\000\040\000E\000X\000I\000T}{subsection.6.28.1}% 377
\BOOKMARK [3][-]{subsubsection.6.28.1.3}{\376\377\0006\000.\0002\0008\000.\0001\000.\0003\000\040\000M\000E\000N\000U\000\137\000P\000I\000S\000T\000O\000L}{subsection.6.28.1}% 378
\BOOKMARK [3][-]{subsubsection.6.28.1.4}{\376\377\0006\000.\0002\0008\000.\0001\000.\0004\000\040\000M\000E\000N\000U\000\137\000R\000I\000F\000L\000E}{subsection.6.28.1}% 379
\BOOKMARK [1][-]{section.6.29}{\376\377\0006\000.\0002\0009\000\040\000/\000h\000o\000m\000e\000/\000c\000l\000e\000m\000e\000n\000t\000e\000/\000p\000r\000o\000j\000e\000c\000t\000s\000/\000T\000r\000o\000l\000l\000-\000K\000i\000l\000l\000e\000r\000s\000/\000M\000e\000n\000u\000M\000a\000n\000a\000g\000e\000r\000.\000c\000p\000p\000\040\000F\000i\000l\000e\000\040\000R\000e\000f\000e\000r\000e\000n\000c\000e}{chapter.6}% 380
\BOOKMARK [1][-]{section.6.30}{\376\377\0006\000.\0003\0000\000\040\000/\000h\000o\000m\000e\000/\000c\000l\000e\000m\000e\000n\000t\000e\000/\000p\000r\000o\000j\000e\000c\000t\000s\000/\000T\000r\000o\000l\000l\000-\000K\000i\000l\000l\000e\000r\000s\000/\000M\000e\000n\000u\000M\000a\000n\000a\000g\000e\000r\000.\000h\000p\000p\000\040\000F\000i\000l\000e\000\040\000R\000e\000f\000e\000r\000e\000n\000c\000e}{chapter.6}% 381
\BOOKMARK [1][-]{section.6.31}{\376\377\0006\000.\0003\0001\000\040\000/\000h\000o\000m\000e\000/\000c\000l\000e\000m\000e\000n\000t\000e\000/\000p\000r\000o\000j\000e\000c\000t\000s\000/\000T\000r\000o\000l\000l\000-\000K\000i\000l\000l\000e\000r\000s\000/\000P\000i\000s\000t\000o\000l\000.\000c\000p\000p\000\040\000F\000i\000l\000e\000\040\000R\000e\000f\000e\000r\000e\000n\000c\000e}{chapter.6}% 382
\BOOKMARK [1][-]{section.6.32}{\376\377\0006\000.\0003\0002\000\040\000/\000h\000o\000m\000e\000/\000c\000l\000e\000m\000e\000n\000t\000e\000/\000p\000r\000o\000j\000e\000c\000t\000s\000/\000T\000r\000o\000l\000l\000-\000K\000i\000l\000l\000e\000r\000s\000/\000P\000i\000s\000t\000o\000l\000.\000h\000p\000p\000\040\000F\000i\000l\000e\000\040\000R\000e\000f\000e\000r\000e\000n\000c\000e}{chapter.6}% 383
\BOOKMARK [1][-]{section.6.33}{\376\377\0006\000.\0003\0003\000\040\000/\000h\000o\000m\000e\000/\000c\000l\000e\000m\000e\000n\000t\000e\000/\000p\000r\000o\000j\000e\000c\000t\000s\000/\000T\000r\000o\000l\000l\000-\000K\000i\000l\000l\000e\000r\000s\000/\000P\000r\000o\000j\000e\000c\000t\000i\000l\000e\000.\000c\000p\000p\000\040\000F\000i\000l\000e\000\040\000R\000e\000f\000e\000r\000e\000n\000c\000e}{chapter.6}% 384
\BOOKMARK [1][-]{section.6.34}{\376\377\0006\000.\0003\0004\000\040\000/\000h\000o\000m\000e\000/\000c\000l\000e\000m\000e\000n\000t\000e\000/\000p\000r\000o\000j\000e\000c\000t\000s\000/\000T\000r\000o\000l\000l\000-\000K\000i\000l\000l\000e\000r\000s\000/\000P\000r\000o\000j\000e\000c\000t\000i\000l\000e\000.\000h\000p\000p\000\040\000F\000i\000l\000e\000\040\000R\000e\000f\000e\000r\000e\000n\000c\000e}{chapter.6}% 385
\BOOKMARK [1][-]{section.6.35}{\376\377\0006\000.\0003\0005\000\040\000/\000h\000o\000m\000e\000/\000c\000l\000e\000m\000e\000n\000t\000e\000/\000p\000r\000o\000j\000e\000c\000t\000s\000/\000T\000r\000o\000l\000l\000-\000K\000i\000l\000l\000e\000r\000s\000/\000R\000E\000A\000D\000M\000E\000.\000m\000d\000\040\000F\000i\000l\000e\000\040\000R\000e\000f\000e\000r\000e\000n\000c\000e}{chapter.6}% 386
\BOOKMARK [1][-]{section.6.36}{\376\377\0006\000.\0003\0006\000\040\000/\000h\000o\000m\000e\000/\000c\000l\000e\000m\000e\000n\000t\000e\000/\000p\000r\000o\000j\000e\000c\000t\000s\000/\000T\000r\000o\000l\000l\000-\000K\000i\000l\000l\000e\000r\000s\000/\000R\000i\000f\000l\000e\000.\000c\000p\000p\000\040\000F\000i\000l\000e\000\040\000R\000e\000f\000e\000r\000e\000n\000c\000e}{chapter.6}% 387
\BOOKMARK [1][-]{section.6.37}{\376\377\0006\000.\0003\0007\000\040\000/\000h\000o\000m\000e\000/\000c\000l\000e\000m\000e\000n\000t\000e\000/\000p\000r\000o\000j\000e\000c\000t\000s\000/\000T\000r\000o\000l\000l\000-\000K\000i\000l\000l\000e\000r\000s\000/\000R\000i\000f\000l\000e\000.\000h\000p\000p\000\040\000F\000i\000l\000e\000\040\000R\000e\000f\000e\000r\000e\000n\000c\000e}{chapter.6}% 388
\BOOKMARK [1][-]{section.6.38}{\376\377\0006\000.\0003\0008\000\040\000/\000h\000o\000m\000e\000/\000c\000l\000e\000m\000e\000n\000t\000e\000/\000p\000r\000o\000j\000e\000c\000t\000s\000/\000T\000r\000o\000l\000l\000-\000K\000i\000l\000l\000e\000r\000s\000/\000S\000C\000h\000a\000r\000a\000c\000t\000e\000r\000.\000c\000p\000p\000\040\000F\000i\000l\000e\000\040\000R\000e\000f\000e\000r\000e\000n\000c\000e}{chapter.6}% 389
\BOOKMARK [1][-]{section.6.39}{\376\377\0006\000.\0003\0009\000\040\000/\000h\000o\000m\000e\000/\000c\000l\000e\000m\000e\000n\000t\000e\000/\000p\000r\000o\000j\000e\000c\000t\000s\000/\000T\000r\000o\000l\000l\000-\000K\000i\000l\000l\000e\000r\000s\000/\000S\000C\000h\000a\000r\000a\000c\000t\000e\000r\000.\000h\000p\000p\000\040\000F\000i\000l\000e\000\040\000R\000e\000f\000e\000r\000e\000n\000c\000e}{chapter.6}% 390
\BOOKMARK [1][-]{section.6.40}{\376\377\0006\000.\0004\0000\000\040\000/\000h\000o\000m\000e\000/\000c\000l\000e\000m\000e\000n\000t\000e\000/\000p\000r\000o\000j\000e\000c\000t\000s\000/\000T\000r\000o\000l\000l\000-\000K\000i\000l\000l\000e\000r\000s\000/\000S\000e\000r\000v\000e\000r\000.\000c\000p\000p\000\040\000F\000i\000l\000e\000\040\000R\000e\000f\000e\000r\000e\000n\000c\000e}{chapter.6}% 391
\BOOKMARK [1][-]{section.6.41}{\376\377\0006\000.\0004\0001\000\040\000/\000h\000o\000m\000e\000/\000c\000l\000e\000m\000e\000n\000t\000e\000/\000p\000r\000o\000j\000e\000c\000t\000s\000/\000T\000r\000o\000l\000l\000-\000K\000i\000l\000l\000e\000r\000s\000/\000S\000e\000r\000v\000e\000r\000.\000h\000p\000p\000\040\000F\000i\000l\000e\000\040\000R\000e\000f\000e\000r\000e\000n\000c\000e}{chapter.6}% 392
\BOOKMARK [2][-]{subsection.6.41.1}{\376\377\0006\000.\0004\0001\000.\0001\000\040\000M\000a\000c\000r\000o\000\040\000D\000e\000f\000i\000n\000i\000t\000i\000o\000n\000\040\000D\000o\000c\000u\000m\000e\000n\000t\000a\000t\000i\000o\000n}{section.6.41}% 393
\BOOKMARK [3][-]{subsubsection.6.41.1.1}{\376\377\0006\000.\0004\0001\000.\0001\000.\0001\000\040\000M\000A\000P\000\137\000F\000I\000L\000E}{subsection.6.41.1}% 394
\BOOKMARK [1][-]{section.6.42}{\376\377\0006\000.\0004\0002\000\040\000/\000h\000o\000m\000e\000/\000c\000l\000e\000m\000e\000n\000t\000e\000/\000p\000r\000o\000j\000e\000c\000t\000s\000/\000T\000r\000o\000l\000l\000-\000K\000i\000l\000l\000e\000r\000s\000/\000S\000M\000a\000p\000.\000c\000p\000p\000\040\000F\000i\000l\000e\000\040\000R\000e\000f\000e\000r\000e\000n\000c\000e}{chapter.6}% 395
\BOOKMARK [1][-]{section.6.43}{\376\377\0006\000.\0004\0003\000\040\000/\000h\000o\000m\000e\000/\000c\000l\000e\000m\000e\000n\000t\000e\000/\000p\000r\000o\000j\000e\000c\000t\000s\000/\000T\000r\000o\000l\000l\000-\000K\000i\000l\000l\000e\000r\000s\000/\000S\000M\000a\000p\000.\000h\000p\000p\000\040\000F\000i\000l\000e\000\040\000R\000e\000f\000e\000r\000e\000n\000c\000e}{chapter.6}% 396
\BOOKMARK [1][-]{section.6.44}{\376\377\0006\000.\0004\0004\000\040\000/\000h\000o\000m\000e\000/\000c\000l\000e\000m\000e\000n\000t\000e\000/\000p\000r\000o\000j\000e\000c\000t\000s\000/\000T\000r\000o\000l\000l\000-\000K\000i\000l\000l\000e\000r\000s\000/\000W\000e\000a\000p\000o\000n\000s\000.\000c\000p\000p\000\040\000F\000i\000l\000e\000\040\000R\000e\000f\000e\000r\000e\000n\000c\000e}{chapter.6}% 397
\BOOKMARK [1][-]{section.6.45}{\376\377\0006\000.\0004\0005\000\040\000/\000h\000o\000m\000e\000/\000c\000l\000e\000m\000e\000n\000t\000e\000/\000p\000r\000o\000j\000e\000c\000t\000s\000/\000T\000r\000o\000l\000l\000-\000K\000i\000l\000l\000e\000r\000s\000/\000W\000e\000a\000p\000o\000n\000s\000.\000h\000p\000p\000\040\000F\000i\000l\000e\000\040\000R\000e\000f\000e\000r\000e\000n\000c\000e}{chapter.6}% 398
\BOOKMARK [0][-]{section*.68}{\376\377\000I\000n\000d\000e\000x}{}% 399
